================================================================================
WORKFLOW EXECUTION LOG
================================================================================
Workflow ID: workflow_20251223_183719
Script Version: 2.3.0
Started: 2025-12-23 18:37:19
Mode: INTERACTIVE
Steps: all
Workflow Home: /home/mpb/Documents/GitHub/ai_workflow
Project Root: /home/mpb/Documents/GitHub/ai_workflow (target project)

================================================================================
EXECUTION LOG
================================================================================

[2025-12-23 18:37:19] [INFO] Starting pre-flight system checks
[2025-12-23 18:37:19] [SUCCESS] Project root validated: /home/mpb/Documents/GitHub/ai_workflow
[2025-12-23 18:37:19] [SUCCESS] Source directory validated: /home/mpb/Documents/GitHub/ai_workflow/src
[2025-12-23 18:37:19] [INFO] Tech stack: shell
[2025-12-23 18:37:19] [INFO] Node.js detected: v25.2.1 (optional)
[2025-12-23 18:37:19] [INFO] npm detected: 11.7.0 (optional)
[2025-12-23 18:37:19] [SUCCESS] Git repository validated
[2025-12-23 18:37:19] [INFO] Git working tree is clean
[2025-12-23 18:37:19] [SUCCESS] docs directory found
[2025-12-23 18:37:19] [SUCCESS] tree command available
[2025-12-23 18:37:19] [SUCCESS] All pre-flight checks PASSED
[2025-12-23 18:37:19] [INFO] Starting dependency validation
[2025-12-23 18:37:19] [INFO] Tech stack: shell
[2025-12-23 18:37:19] [INFO] Shell project - npm dependencies not required
[2025-12-23 18:37:19] [SUCCESS] Dependency validation completed
[2025-12-23 18:37:19] [INFO] Loaded tech stack config: bash/none
[2025-12-23 18:37:19] [INFO] Analyzing change impact for optimization
[2025-12-23 18:37:19] [INFO] Change impact: LOW (docs only)
[2025-12-23 18:37:19] [INFO] Starting workflow execution
[2025-12-23 18:37:19] [INFO] Execution mode: INTERACTIVE
[2025-12-23 18:37:19] [INFO] Change impact level: Low
[2025-12-23 18:37:19] [INFO] Step selection: all
[2025-12-23 18:37:19] [STEP] ========== Step 0: Pre-Analysis ==========
[2025-12-23 18:37:19] [INFO] Step 0 started
[2025-12-23 18:37:19] [INFO] Detected tech stack: bash/none (confidence: 85%)
[2025-12-23 18:37:29] [INFO] Step step0 status updated: ✅
[2025-12-23 18:37:29] [INFO] Step 0 status updated: ✅
[2025-12-23 18:37:29] [INFO] Checkpoint saved: Step 0 completed
[2025-12-23 18:37:29] [STEP] ========== Step 1: Documentation Updates ==========
[2025-12-23 18:37:29] [INFO] Step 1 started
[2025-12-23 18:39:19] [INFO] Cleaning up 1 temporary files

================================================================================
WORKFLOW SUMMARY
================================================================================
Completed: 2025-12-23 18:39:19
Duration: 2m 0s
Total Steps: 13

Step Status:
  Step 0: ✅
  Step 1: NOT_EXECUTED
  Step 2: NOT_EXECUTED
  Step 3: NOT_EXECUTED
  Step 4: NOT_EXECUTED
  Step 5: NOT_EXECUTED
  Step 6: NOT_EXECUTED
  Step 7: NOT_EXECUTED
  Step 8: NOT_EXECUTED
  Step 9: NOT_EXECUTED
  Step 10: NOT_EXECUTED
  Step 11: NOT_EXECUTED
  Step 12: NOT_EXECUTED

Output Files:
  - Backlog: /home/mpb/Documents/GitHub/ai_workflow/.ai_workflow/backlog/workflow_20251223_183719
  - Summaries: /home/mpb/Documents/GitHub/ai_workflow/.ai_workflow/summaries/workflow_20251223_183719
  - Logs: /home/mpb/Documents/GitHub/ai_workflow/.ai_workflow/logs/workflow_20251223_183719

================================================================================
END OF LOG
================================================================================
