================================================================================
WORKFLOW EXECUTION LOG
================================================================================
Workflow ID: workflow_20251218_033252
Script Version: 2.3.0
Started: 2025-12-18 03:32:52
Mode: DRY RUN
Steps: all
Workflow Home: /home/mpb/Documents/GitHub/ai_workflow
Project Root: /home/mpb/Documents/GitHub/ai_workflow

================================================================================
EXECUTION LOG
================================================================================

[2025-12-18 03:32:52] [INFO] Starting pre-flight system checks
[2025-12-18 03:32:52] [SUCCESS] Project root validated: /home/mpb/Documents/GitHub/ai_workflow
[2025-12-18 03:32:52] [SUCCESS] Source directory validated: /home/mpb/Documents/GitHub/ai_workflow/src
[2025-12-18 03:32:52] [INFO] Tech stack: shell
[2025-12-18 03:32:52] [INFO] Node.js detected: v25.2.1 (optional)
[2025-12-18 03:32:52] [INFO] npm detected: 11.7.0 (optional)
[2025-12-18 03:32:52] [SUCCESS] Git repository validated
[2025-12-18 03:32:52] [INFO] [DRY RUN] Would stage all changes
[2025-12-18 03:32:52] [SUCCESS] docs directory found
[2025-12-18 03:32:52] [SUCCESS] tree command available
[2025-12-18 03:32:52] [SUCCESS] All pre-flight checks PASSED
[2025-12-18 03:32:52] [INFO] Starting dependency validation
[2025-12-18 03:32:52] [INFO] Tech stack: shell
[2025-12-18 03:32:52] [INFO] Shell project - npm dependencies not required
[2025-12-18 03:32:52] [SUCCESS] Dependency validation completed
[2025-12-18 03:32:52] [INFO] Analyzing change impact for optimization
[2025-12-18 03:32:52] [INFO] Change impact: MEDIUM (code=0, tests=0)
[2025-12-18 03:32:52] [WARNING] Commits changed - fresh start
[2025-12-18 03:32:52] [INFO] Starting workflow execution
[2025-12-18 03:32:52] [INFO] Execution mode: DRY RUN
[2025-12-18 03:32:52] [INFO] Change impact level: Medium
[2025-12-18 03:32:52] [INFO] Step selection: all
[2025-12-18 03:32:52] [STEP] ========== Step 0: Pre-Analysis ==========
[2025-12-18 03:32:52] [INFO] Step 0 started
