================================================================================
WORKFLOW EXECUTION LOG
================================================================================
Workflow ID: workflow_20251218_031337
Script Version: 2.3.0
Started: 2025-12-18 03:13:37
Mode: INTERACTIVE
Steps: all
Workflow Home: /home/mpb/Documents/GitHub/ai_workflow
Project Root: /home/mpb/Documents/GitHub/ai_workflow (target project)

================================================================================
EXECUTION LOG
================================================================================

[2025-12-18 03:13:37] [INFO] Starting pre-flight system checks
[2025-12-18 03:13:37] [SUCCESS] Project root validated: /home/mpb/Documents/GitHub/ai_workflow
[2025-12-18 03:13:37] [WARNING] Source directory not found: /home/mpb/Documents/GitHub/ai_workflow/src
[2025-12-18 03:13:37] [WARNING] package.json not found
[2025-12-18 03:13:37] [SUCCESS] Node.js detected: v25.2.1
[2025-12-18 03:13:37] [SUCCESS] npm detected: 11.7.0
[2025-12-18 03:13:37] [SUCCESS] Git repository validated
[2025-12-18 03:13:37] [INFO] Staged all uncommitted changes
[2025-12-18 03:13:37] [SUCCESS] shell_scripts directory found
[2025-12-18 03:13:37] [SUCCESS] docs directory found
[2025-12-18 03:13:37] [SUCCESS] tree command available
[2025-12-18 03:13:37] [SUCCESS] All pre-flight checks PASSED
[2025-12-18 03:13:37] [INFO] Starting dependency validation

================================================================================
WORKFLOW SUMMARY
================================================================================
Completed: 2025-12-18 03:13:37
Duration: 0m 0s
Total Steps: 13

Step Status:
  Step 0: NOT_EXECUTED
  Step 1: NOT_EXECUTED
  Step 2: NOT_EXECUTED
  Step 3: NOT_EXECUTED
  Step 4: NOT_EXECUTED
  Step 5: NOT_EXECUTED
  Step 6: NOT_EXECUTED
  Step 7: NOT_EXECUTED
  Step 8: NOT_EXECUTED
  Step 9: NOT_EXECUTED
  Step 10: NOT_EXECUTED
  Step 11: NOT_EXECUTED
  Step 12: NOT_EXECUTED

Output Files:
  - Backlog: /home/mpb/Documents/GitHub/ai_workflow/shell_scripts/workflow/backlog/workflow_20251218_031337
  - Summaries: /home/mpb/Documents/GitHub/ai_workflow/shell_scripts/workflow/summaries/workflow_20251218_031337
  - Logs: /home/mpb/Documents/GitHub/ai_workflow/shell_scripts/workflow/logs/workflow_20251218_031337

================================================================================
END OF LOG
================================================================================
