================================================================================
WORKFLOW EXECUTION LOG
================================================================================
Workflow ID: workflow_20251218_041508
Script Version: 2.3.0
Started: 2025-12-18 04:15:08
Mode: AUTO
Steps: 11
Workflow Home: /home/mpb/Documents/GitHub/ai_workflow
Project Root: /home/mpb/Documents/GitHub/ai_workflow (target project)

================================================================================
EXECUTION LOG
================================================================================

[2025-12-18 04:15:08] [INFO] Starting pre-flight system checks
[2025-12-18 04:15:08] [SUCCESS] Project root validated: /home/mpb/Documents/GitHub/ai_workflow
[2025-12-18 04:15:08] [SUCCESS] Source directory validated: /home/mpb/Documents/GitHub/ai_workflow/src
[2025-12-18 04:15:08] [INFO] Tech stack: shell
[2025-12-18 04:15:08] [INFO] Node.js detected: v25.2.1 (optional)
[2025-12-18 04:15:09] [INFO] npm detected: 11.7.0 (optional)
[2025-12-18 04:15:09] [SUCCESS] Git repository validated
[2025-12-18 04:15:09] [INFO] Staged all uncommitted changes
[2025-12-18 04:15:09] [SUCCESS] docs directory found
[2025-12-18 04:15:09] [SUCCESS] tree command available
[2025-12-18 04:15:09] [SUCCESS] All pre-flight checks PASSED
[2025-12-18 04:15:09] [INFO] Starting dependency validation
[2025-12-18 04:15:09] [INFO] Tech stack: shell
[2025-12-18 04:15:09] [INFO] Shell project - npm dependencies not required
[2025-12-18 04:15:09] [SUCCESS] Dependency validation completed
[2025-12-18 04:15:09] [INFO] Analyzing change impact for optimization
[2025-12-18 04:15:09] [INFO] Change impact: MEDIUM (code=0, tests=0)
[2025-12-18 04:15:09] [INFO] Resuming from checkpoint: Step 9
[2025-12-18 04:15:09] [INFO] Starting workflow execution
[2025-12-18 04:15:09] [INFO] Execution mode: AUTO
[2025-12-18 04:15:09] [INFO] Change impact level: Medium
[2025-12-18 04:15:09] [INFO] Step selection: 11
[2025-12-18 04:15:09] [INFO] Resuming workflow from Step 9
[2025-12-18 04:15:09] [INFO] Skipping Step 9 (not selected)
[2025-12-18 04:15:09] [INFO] Skipping Step 10 (not selected)
[2025-12-18 04:15:09] [STEP] ========== Step 11: Git Finalization ==========
[2025-12-18 04:15:09] [INFO] Step 11 started
[2025-12-18 04:15:14] [INFO] Step step11 status updated: ✅
[2025-12-18 04:15:15] [INFO] Checkpoint saved: Step 11 completed
[2025-12-18 04:15:15] [INFO] Skipping Step 12 (not selected)
[2025-12-18 04:15:15] [INFO] Workflow execution completed
[2025-12-18 04:15:15] [INFO] Executed steps: 1
[2025-12-18 04:15:15] [INFO] Skipped steps: 12
[2025-12-18 04:15:15] [SUCCESS] Workflow completed successfully
[2025-12-18 04:15:15] [INFO] Cleaning up 2 temporary files

================================================================================
WORKFLOW SUMMARY
================================================================================
Completed: 2025-12-18 04:15:15
Duration: 0m 7s
Total Steps: 13

Step Status:
  Step 0: NOT_EXECUTED
  Step 1: NOT_EXECUTED
  Step 2: NOT_EXECUTED
  Step 3: NOT_EXECUTED
  Step 4: NOT_EXECUTED
  Step 5: NOT_EXECUTED
  Step 6: NOT_EXECUTED
  Step 7: NOT_EXECUTED
  Step 8: NOT_EXECUTED
  Step 9: NOT_EXECUTED
  Step 10: NOT_EXECUTED
  Step 11: NOT_EXECUTED
  Step 12: NOT_EXECUTED

Output Files:
  - Backlog: /home/mpb/Documents/GitHub/ai_workflow/src/workflow/backlog/workflow_20251218_041508
  - Summaries: /home/mpb/Documents/GitHub/ai_workflow/src/workflow/summaries/workflow_20251218_041508
  - Logs: /home/mpb/Documents/GitHub/ai_workflow/src/workflow/logs/workflow_20251218_041508

================================================================================
END OF LOG
================================================================================
