================================================================================
WORKFLOW EXECUTION LOG
================================================================================
Workflow ID: workflow_20251218_151626
Script Version: 2.3.0
Started: 2025-12-18 15:16:26
Mode: AUTO
Steps: all
Workflow Home: /home/mpb/Documents/GitHub/ai_workflow
Project Root: /home/mpb/Documents/GitHub/ai_workflow (target project)

================================================================================
EXECUTION LOG
================================================================================

[2025-12-18 15:16:26] [INFO] Starting pre-flight system checks
[2025-12-18 15:16:26] [SUCCESS] Project root validated: /home/mpb/Documents/GitHub/ai_workflow
[2025-12-18 15:16:26] [SUCCESS] Source directory validated: /home/mpb/Documents/GitHub/ai_workflow/src
[2025-12-18 15:16:26] [INFO] Tech stack: shell
[2025-12-18 15:16:26] [INFO] Node.js detected: v25.2.1 (optional)
[2025-12-18 15:16:26] [INFO] npm detected: 11.7.0 (optional)
[2025-12-18 15:16:26] [SUCCESS] Git repository validated
[2025-12-18 15:16:27] [INFO] Staged all uncommitted changes
[2025-12-18 15:16:27] [SUCCESS] docs directory found
[2025-12-18 15:16:27] [SUCCESS] tree command available
[2025-12-18 15:16:27] [SUCCESS] All pre-flight checks PASSED
[2025-12-18 15:16:27] [INFO] Starting dependency validation
[2025-12-18 15:16:27] [INFO] Tech stack: shell
[2025-12-18 15:16:27] [INFO] Shell project - npm dependencies not required
[2025-12-18 15:16:27] [SUCCESS] Dependency validation completed
[2025-12-18 15:16:27] [INFO] Loaded tech stack config: bash/none
[2025-12-18 15:16:27] [INFO] Analyzing change impact for optimization
[2025-12-18 15:16:27] [INFO] Change impact: MEDIUM (code=0, tests=0)
[2025-12-18 15:16:27] [INFO] Resuming from checkpoint: Step 13
[2025-12-18 15:16:27] [INFO] Starting workflow execution
[2025-12-18 15:16:27] [INFO] Execution mode: AUTO
[2025-12-18 15:16:27] [INFO] Change impact level: Medium
[2025-12-18 15:16:27] [INFO] Step selection: all
[2025-12-18 15:16:27] [INFO] Resuming workflow from Step 13
[2025-12-18 15:16:27] [INFO] Workflow execution completed
[2025-12-18 15:16:27] [INFO] Executed steps: 0
[2025-12-18 15:16:27] [INFO] Skipped steps: 13
[2025-12-18 15:16:27] [SUCCESS] Workflow completed successfully
[2025-12-18 15:16:27] [INFO] Starting workflow health verification
[2025-12-18 15:16:28] [INFO] Workflow health check completed: 0/13 steps passed
[2025-12-18 15:16:28] [INFO] Validating documentation placement
[2025-12-18 15:16:28] [INFO] Documentation placement validation completed: FAIL
[2025-12-18 15:16:28] [INFO] Generating enhanced git state report
[2025-12-18 15:16:29] [INFO] Enhanced git state analysis completed
[2025-12-18 15:16:29] [INFO] AUTO_MODE: Skipping continuation prompt

================================================================================
WORKFLOW SUMMARY
================================================================================
Completed: 2025-12-18 15:16:29
Duration: 0m 3s
Total Steps: 13

Step Status:
  Step 0: NOT_EXECUTED
  Step 1: NOT_EXECUTED
  Step 2: NOT_EXECUTED
  Step 3: NOT_EXECUTED
  Step 4: NOT_EXECUTED
  Step 5: NOT_EXECUTED
  Step 6: NOT_EXECUTED
  Step 7: NOT_EXECUTED
  Step 8: NOT_EXECUTED
  Step 9: NOT_EXECUTED
  Step 10: NOT_EXECUTED
  Step 11: NOT_EXECUTED
  Step 12: NOT_EXECUTED

Output Files:
  - Backlog: /home/mpb/Documents/GitHub/ai_workflow/src/workflow/backlog/workflow_20251218_151626
  - Summaries: /home/mpb/Documents/GitHub/ai_workflow/src/workflow/summaries/workflow_20251218_151626
  - Logs: /home/mpb/Documents/GitHub/ai_workflow/src/workflow/logs/workflow_20251218_151626

================================================================================
END OF LOG
================================================================================
