================================================================================
WORKFLOW EXECUTION LOG
================================================================================
Workflow ID: workflow_20251218_133842
Script Version: 2.3.0
Started: 2025-12-18 13:38:43
Mode: AUTO
Steps: all
Workflow Home: /home/mpb/Documents/GitHub/ai_workflow
Project Root: /home/mpb/Documents/GitHub/ai_workflow (target project)

================================================================================
EXECUTION LOG
================================================================================

[2025-12-18 13:38:43] [INFO] Starting pre-flight system checks
[2025-12-18 13:38:43] [SUCCESS] Project root validated: /home/mpb/Documents/GitHub/ai_workflow
[2025-12-18 13:38:43] [SUCCESS] Source directory validated: /home/mpb/Documents/GitHub/ai_workflow/src
[2025-12-18 13:38:43] [INFO] Tech stack: shell
[2025-12-18 13:38:43] [INFO] Node.js detected: v25.2.1 (optional)
[2025-12-18 13:38:43] [INFO] npm detected: 11.7.0 (optional)
[2025-12-18 13:38:43] [SUCCESS] Git repository validated
[2025-12-18 13:38:43] [INFO] Staged all uncommitted changes
[2025-12-18 13:38:43] [SUCCESS] docs directory found
[2025-12-18 13:38:43] [SUCCESS] tree command available
[2025-12-18 13:38:43] [SUCCESS] All pre-flight checks PASSED
[2025-12-18 13:38:43] [INFO] Starting dependency validation
[2025-12-18 13:38:43] [INFO] Tech stack: shell
[2025-12-18 13:38:43] [INFO] Shell project - npm dependencies not required
[2025-12-18 13:38:43] [SUCCESS] Dependency validation completed
[2025-12-18 13:38:43] [INFO] Loaded tech stack config: bash/none
[2025-12-18 13:38:43] [INFO] Analyzing change impact for optimization
[2025-12-18 13:38:43] [INFO] Change impact: MEDIUM (code=0, tests=0)
[2025-12-18 13:38:44] [INFO] Resuming from checkpoint: Step 9
[2025-12-18 13:38:44] [INFO] Starting workflow execution
[2025-12-18 13:38:44] [INFO] Execution mode: AUTO
[2025-12-18 13:38:44] [INFO] Change impact level: Medium
[2025-12-18 13:38:44] [INFO] Step selection: all
[2025-12-18 13:38:44] [INFO] Resuming workflow from Step 9
[2025-12-18 13:38:44] [STEP] ========== Step 9: Code Quality Validation ==========
[2025-12-18 13:38:44] [INFO] Step 9 started
[2025-12-18 13:41:36] [INFO] Step step9 status updated: ✅
[2025-12-18 13:41:36] [INFO] Checkpoint saved: Step 9 completed
[2025-12-18 13:41:36] [STEP] ========== Step 10: Context Analysis ==========
[2025-12-18 13:41:37] [INFO] Step 10 started
[2025-12-18 13:41:37] [INFO] Step step10 status updated: ✅
[2025-12-18 13:41:37] [INFO] Checkpoint saved: Step 10 completed
[2025-12-18 13:41:37] [STEP] ========== Step 11: Git Finalization ==========
[2025-12-18 13:41:37] [INFO] Step 11 started
