================================================================================
WORKFLOW EXECUTION LOG
================================================================================
Workflow ID: workflow_20251220_200615
Script Version: 2.3.0
Started: 2025-12-20 20:06:15
Mode: INTERACTIVE
Steps: all
Workflow Home: /home/mpb/Documents/GitHub/ai_workflow
Project Root: /home/mpb/Documents/GitHub/ai_workflow (target project)

================================================================================
EXECUTION LOG
================================================================================

[2025-12-20 20:06:15] [INFO] Starting pre-flight system checks
[2025-12-20 20:06:15] [SUCCESS] Project root validated: /home/mpb/Documents/GitHub/ai_workflow
[2025-12-20 20:06:15] [SUCCESS] Source directory validated: /home/mpb/Documents/GitHub/ai_workflow/src
[2025-12-20 20:06:15] [INFO] Tech stack: shell
[2025-12-20 20:06:15] [INFO] Node.js detected: v25.2.1 (optional)
[2025-12-20 20:06:16] [INFO] npm detected: 11.7.0 (optional)
[2025-12-20 20:06:16] [SUCCESS] Git repository validated
[2025-12-20 20:06:16] [INFO] Staged all uncommitted changes
[2025-12-20 20:06:16] [SUCCESS] docs directory found
[2025-12-20 20:06:16] [SUCCESS] tree command available
[2025-12-20 20:06:16] [SUCCESS] All pre-flight checks PASSED
[2025-12-20 20:06:16] [INFO] Starting dependency validation
[2025-12-20 20:06:16] [INFO] Tech stack: shell
[2025-12-20 20:06:16] [INFO] Shell project - npm dependencies not required
[2025-12-20 20:06:16] [SUCCESS] Dependency validation completed
[2025-12-20 20:06:16] [INFO] Loaded tech stack config: bash/none
[2025-12-20 20:06:16] [INFO] Analyzing change impact for optimization
[2025-12-20 20:06:16] [INFO] Change impact: MEDIUM (code=0, tests=0)
[2025-12-20 20:06:16] [INFO] Starting workflow execution
[2025-12-20 20:06:16] [INFO] Execution mode: INTERACTIVE
[2025-12-20 20:06:16] [INFO] Change impact level: Medium
[2025-12-20 20:06:16] [INFO] Step selection: all
[2025-12-20 20:06:16] [STEP] ========== Step 0: Pre-Analysis ==========
[2025-12-20 20:06:16] [INFO] Step 0 started
[2025-12-20 20:06:16] [INFO] Detected tech stack: bash/none (confidence: 85%)
[2025-12-20 20:06:18] [INFO] Step step0 status updated: ✅
[2025-12-20 20:06:18] [INFO] Checkpoint saved: Step 0 completed
[2025-12-20 20:06:18] [STEP] ========== Step 1: Documentation Updates ==========
[2025-12-20 20:06:18] [INFO] Step 1 started
[2025-12-20 20:06:18] [INFO] Step step1 status updated: ✅
[2025-12-20 20:06:18] [INFO] Checkpoint saved: Step 1 completed
[2025-12-20 20:06:18] [STEP] ========== Step 2: Consistency Analysis ==========
[2025-12-20 20:06:18] [INFO] Step 2 started
[2025-12-20 20:25:34] [INFO] Step step2 status updated: ✅
[2025-12-20 20:25:34] [INFO] Checkpoint saved: Step 2 completed
[2025-12-20 20:25:34] [STEP] ========== Step 3: Script Reference Validation ==========
[2025-12-20 20:25:34] [INFO] Step 3 started
[2025-12-20 21:04:21] [INFO] Step step3 status updated: ✅
[2025-12-20 21:04:21] [INFO] Checkpoint saved: Step 3 completed
[2025-12-20 21:04:21] [STEP] ========== Step 4: Directory Structure Validation ==========
[2025-12-20 21:04:21] [INFO] Step 4 started
[2025-12-20 21:17:29] [INFO] Step step4 status updated: ✅
[2025-12-20 21:17:29] [INFO] Checkpoint saved: Step 4 completed
[2025-12-20 21:17:29] [STEP] ========== Step 5: Test Review ==========
[2025-12-20 21:17:29] [INFO] Step 5 started
[2025-12-20 21:22:12] [INFO] Step step5 status updated: ✅
[2025-12-20 21:22:12] [INFO] Checkpoint saved: Step 5 completed
[2025-12-20 21:22:12] [STEP] ========== Step 6: Test Generation ==========
[2025-12-20 21:22:12] [INFO] Step 6 started
[2025-12-20 21:23:58] [INFO] Step step6 status updated: ✅
[2025-12-20 21:23:58] [INFO] Checkpoint saved: Step 6 completed
[2025-12-20 21:23:58] [STEP] ========== Step 7: Test Execution ==========
[2025-12-20 21:23:58] [INFO] Step 7 started
[2025-12-20 21:38:15] [INFO] Step step7 status updated: ✅
[2025-12-20 21:38:15] [INFO] Checkpoint saved: Step 7 completed
[2025-12-20 21:38:15] [STEP] ========== Step 8: Dependency Validation ==========
[2025-12-20 21:38:15] [INFO] Step 8 started
[2025-12-20 21:38:15] [INFO] Step step8 status updated: ✅
[2025-12-20 21:38:15] [INFO] Checkpoint saved: Step 8 completed
[2025-12-20 21:38:15] [STEP] ========== Step 9: Code Quality Validation ==========
[2025-12-20 21:38:15] [INFO] Step 9 started
[2025-12-20 21:50:54] [INFO] Step step9 status updated: ✅
[2025-12-20 21:50:54] [INFO] Checkpoint saved: Step 9 completed
[2025-12-20 21:50:54] [STEP] ========== Step 10: Context Analysis ==========
[2025-12-20 21:50:54] [INFO] Step 10 started
[2025-12-20 21:53:43] [INFO] Step step10 status updated: ✅
[2025-12-20 21:53:43] [INFO] Checkpoint saved: Step 10 completed
[2025-12-20 21:53:43] [STEP] ========== Step 11: Git Finalization ==========
[2025-12-20 21:53:43] [INFO] Step 11 started
[2025-12-20 21:55:52] [INFO] Step step11 status updated: ✅
[2025-12-20 21:55:52] [INFO] Checkpoint saved: Step 11 completed
[2025-12-20 21:55:52] [STEP] ========== Step 12: Markdown Linting ==========
[2025-12-20 21:55:52] [INFO] Step 12 started
[2025-12-20 21:56:47] [INFO] Checkpoint saved: Step 12 completed
[2025-12-20 21:56:47] [STEP] ========== Step 13: Prompt Engineer Analysis ==========
[2025-12-20 21:56:47] [INFO] Step 13 started
[2025-12-20 21:58:20] [INFO] Step step13 status updated: ⚠️
[2025-12-20 21:58:20] [INFO] Checkpoint saved: Step 13 completed
[2025-12-20 21:58:20] [INFO] Workflow execution completed
[2025-12-20 21:58:20] [INFO] Executed steps: 14
[2025-12-20 21:58:20] [INFO] Skipped steps: 0
[2025-12-20 21:58:20] [SUCCESS] Workflow completed successfully
[2025-12-20 21:58:20] [INFO] Cleaning up 26 temporary files

================================================================================
WORKFLOW SUMMARY
================================================================================
Completed: 2025-12-20 21:58:20
Duration: 112m 5s
Total Steps: 13

Step Status:
  Step 0: NOT_EXECUTED
  Step 1: NOT_EXECUTED
  Step 2: NOT_EXECUTED
  Step 3: NOT_EXECUTED
  Step 4: NOT_EXECUTED
  Step 5: NOT_EXECUTED
  Step 6: NOT_EXECUTED
  Step 7: NOT_EXECUTED
  Step 8: NOT_EXECUTED
  Step 9: NOT_EXECUTED
  Step 10: NOT_EXECUTED
  Step 11: NOT_EXECUTED
  Step 12: NOT_EXECUTED

Output Files:
  - Backlog: /home/mpb/Documents/GitHub/ai_workflow/src/workflow/backlog/workflow_20251220_200615
  - Summaries: /home/mpb/Documents/GitHub/ai_workflow/src/workflow/summaries/workflow_20251220_200615
  - Logs: /home/mpb/Documents/GitHub/ai_workflow/src/workflow/logs/workflow_20251220_200615

================================================================================
END OF LOG
================================================================================
