================================================================================
WORKFLOW EXECUTION LOG
================================================================================
Workflow ID: workflow_20251218_041605
Script Version: 2.3.0
Started: 2025-12-18 04:16:05
Mode: AUTO
Steps: 12
Workflow Home: /home/mpb/Documents/GitHub/ai_workflow
Project Root: /home/mpb/Documents/GitHub/ai_workflow (target project)

================================================================================
EXECUTION LOG
================================================================================

[2025-12-18 04:16:05] [INFO] Starting pre-flight system checks
[2025-12-18 04:16:05] [SUCCESS] Project root validated: /home/mpb/Documents/GitHub/ai_workflow
[2025-12-18 04:16:05] [SUCCESS] Source directory validated: /home/mpb/Documents/GitHub/ai_workflow/src
[2025-12-18 04:16:05] [INFO] Tech stack: shell
[2025-12-18 04:16:05] [INFO] Node.js detected: v25.2.1 (optional)
[2025-12-18 04:16:05] [INFO] npm detected: 11.7.0 (optional)
[2025-12-18 04:16:05] [SUCCESS] Git repository validated
[2025-12-18 04:16:05] [INFO] Staged all uncommitted changes
[2025-12-18 04:16:05] [SUCCESS] docs directory found
[2025-12-18 04:16:05] [SUCCESS] tree command available
[2025-12-18 04:16:05] [SUCCESS] All pre-flight checks PASSED
[2025-12-18 04:16:05] [INFO] Starting dependency validation
[2025-12-18 04:16:05] [INFO] Tech stack: shell
[2025-12-18 04:16:05] [INFO] Shell project - npm dependencies not required
[2025-12-18 04:16:05] [SUCCESS] Dependency validation completed
[2025-12-18 04:16:05] [INFO] Analyzing change impact for optimization
[2025-12-18 04:16:05] [INFO] Change impact: LOW (docs only)
[2025-12-18 04:16:05] [INFO] Resuming from checkpoint: Step 12
[2025-12-18 04:16:06] [INFO] Starting workflow execution
[2025-12-18 04:16:06] [INFO] Execution mode: AUTO
[2025-12-18 04:16:06] [INFO] Change impact level: Medium
[2025-12-18 04:16:06] [INFO] Step selection: 12
[2025-12-18 04:16:06] [INFO] Resuming workflow from Step 12
[2025-12-18 04:16:06] [STEP] ========== Step 12: Markdown Linting ==========
[2025-12-18 04:16:06] [INFO] Step 12 started
[2025-12-18 04:16:31] [INFO] Checkpoint saved: Step 12 completed
[2025-12-18 04:16:31] [INFO] Workflow execution completed
[2025-12-18 04:16:31] [INFO] Executed steps: 1
[2025-12-18 04:16:31] [INFO] Skipped steps: 12
[2025-12-18 04:16:31] [SUCCESS] Workflow completed successfully
[2025-12-18 04:16:31] [INFO] Starting workflow health verification
[2025-12-18 04:16:31] [INFO] Workflow health check completed: 1/13 steps passed
[2025-12-18 04:16:31] [INFO] Validating documentation placement
[2025-12-18 04:16:31] [INFO] Documentation placement validation completed: FAIL
[2025-12-18 04:16:31] [INFO] Generating enhanced git state report
[2025-12-18 04:16:31] [INFO] Enhanced git state analysis completed
[2025-12-18 04:16:31] [INFO] AUTO_MODE: Skipping continuation prompt
[2025-12-18 04:16:31] [INFO] Cleaning up 2 temporary files

================================================================================
WORKFLOW SUMMARY
================================================================================
Completed: 2025-12-18 04:16:31
Duration: 0m 26s
Total Steps: 13

Step Status:
  Step 0: NOT_EXECUTED
  Step 1: NOT_EXECUTED
  Step 2: NOT_EXECUTED
  Step 3: NOT_EXECUTED
  Step 4: NOT_EXECUTED
  Step 5: NOT_EXECUTED
  Step 6: NOT_EXECUTED
  Step 7: NOT_EXECUTED
  Step 8: NOT_EXECUTED
  Step 9: NOT_EXECUTED
  Step 10: NOT_EXECUTED
  Step 11: NOT_EXECUTED
  Step 12: NOT_EXECUTED

Output Files:
  - Backlog: /home/mpb/Documents/GitHub/ai_workflow/src/workflow/backlog/workflow_20251218_041605
  - Summaries: /home/mpb/Documents/GitHub/ai_workflow/src/workflow/summaries/workflow_20251218_041605
  - Logs: /home/mpb/Documents/GitHub/ai_workflow/src/workflow/logs/workflow_20251218_041605

================================================================================
END OF LOG
================================================================================
