================================================================================
WORKFLOW EXECUTION LOG
================================================================================
Workflow ID: workflow_20251218_035757
Script Version: 2.3.0
Started: 2025-12-18 03:57:57
Mode: AUTO
Steps: all
Workflow Home: /home/mpb/Documents/GitHub/ai_workflow
Project Root: /home/mpb/Documents/GitHub/ai_workflow (target project)

================================================================================
EXECUTION LOG
================================================================================

[2025-12-18 03:57:57] [INFO] Starting pre-flight system checks
[2025-12-18 03:57:57] [SUCCESS] Project root validated: /home/mpb/Documents/GitHub/ai_workflow
[2025-12-18 03:57:57] [SUCCESS] Source directory validated: /home/mpb/Documents/GitHub/ai_workflow/src
[2025-12-18 03:57:57] [INFO] Tech stack: shell
[2025-12-18 03:57:57] [INFO] Node.js detected: v25.2.1 (optional)
[2025-12-18 03:57:57] [INFO] npm detected: 11.7.0 (optional)
[2025-12-18 03:57:57] [SUCCESS] Git repository validated
[2025-12-18 03:57:57] [INFO] Staged all uncommitted changes
[2025-12-18 03:57:57] [SUCCESS] docs directory found
[2025-12-18 03:57:57] [SUCCESS] tree command available
[2025-12-18 03:57:57] [SUCCESS] All pre-flight checks PASSED
[2025-12-18 03:57:57] [INFO] Starting dependency validation
[2025-12-18 03:57:57] [INFO] Tech stack: shell
[2025-12-18 03:57:57] [INFO] Shell project - npm dependencies not required
[2025-12-18 03:57:57] [SUCCESS] Dependency validation completed
[2025-12-18 03:57:58] [INFO] Analyzing change impact for optimization
[2025-12-18 03:57:58] [INFO] Change impact: MEDIUM (code=0, tests=0)
[2025-12-18 03:57:58] [INFO] Resuming from checkpoint: Step 2
[2025-12-18 03:57:58] [INFO] Starting workflow execution
[2025-12-18 03:57:58] [INFO] Execution mode: AUTO
[2025-12-18 03:57:58] [INFO] Change impact level: Medium
[2025-12-18 03:57:58] [INFO] Step selection: all
[2025-12-18 03:57:58] [INFO] Resuming workflow from Step 2
[2025-12-18 03:57:58] [STEP] ========== Step 2: Consistency Analysis ==========
[2025-12-18 03:57:58] [INFO] Step 2 started
[2025-12-18 03:58:02] [INFO] Step step2 status updated: ✅
[2025-12-18 03:58:02] [INFO] Checkpoint saved: Step 2 completed
[2025-12-18 03:58:02] [STEP] ========== Step 3: Script Reference Validation ==========
[2025-12-18 03:58:02] [INFO] Step 3 started
[2025-12-18 03:59:08] [INFO] Step step3 status updated: ✅
[2025-12-18 03:59:08] [INFO] Checkpoint saved: Step 3 completed
[2025-12-18 03:59:08] [STEP] ========== Step 4: Directory Structure Validation ==========
[2025-12-18 03:59:08] [INFO] Step 4 started
[2025-12-18 04:00:48] [INFO] Step step4 status updated: ✅
[2025-12-18 04:00:48] [INFO] Checkpoint saved: Step 4 completed
[2025-12-18 04:00:48] [STEP] ========== Step 5: Test Review ==========
[2025-12-18 04:00:48] [INFO] Step 5 started
[2025-12-18 04:04:53] [INFO] Step step5 status updated: ✅
[2025-12-18 04:04:53] [INFO] Checkpoint saved: Step 5 completed
[2025-12-18 04:04:53] [STEP] ========== Step 6: Test Generation ==========
[2025-12-18 04:04:53] [INFO] Step 6 started
[2025-12-18 04:04:53] [INFO] Step step6 status updated: ✅
[2025-12-18 04:04:53] [INFO] Checkpoint saved: Step 6 completed
[2025-12-18 04:04:53] [STEP] ========== Step 7: Test Execution ==========
[2025-12-18 04:04:53] [INFO] Step 7 started
[2025-12-18 04:06:17] [INFO] Step step7 status updated: ✅
[2025-12-18 04:06:18] [INFO] Checkpoint saved: Step 7 completed
[2025-12-18 04:06:18] [STEP] ========== Step 8: Dependency Validation ==========
[2025-12-18 04:06:18] [INFO] Step 8 started
[2025-12-18 04:06:18] [INFO] Step step8 status updated: ❌
[2025-12-18 04:06:18] [INFO] Checkpoint saved: Step 8 completed
[2025-12-18 04:06:18] [INFO] Workflow execution completed
[2025-12-18 04:06:18] [INFO] Executed steps: 7
[2025-12-18 04:06:18] [INFO] Skipped steps: 2
[2025-12-18 04:06:18] [ERROR] Workflow FAILED at: Step 8
[2025-12-18 04:06:18] [INFO] Cleaning up 10 temporary files

================================================================================
WORKFLOW SUMMARY
================================================================================
Completed: 2025-12-18 04:06:18
Duration: 8m 21s
Total Steps: 13

Step Status:
  Step 0: NOT_EXECUTED
  Step 1: NOT_EXECUTED
  Step 2: NOT_EXECUTED
  Step 3: NOT_EXECUTED
  Step 4: NOT_EXECUTED
  Step 5: NOT_EXECUTED
  Step 6: NOT_EXECUTED
  Step 7: NOT_EXECUTED
  Step 8: NOT_EXECUTED
  Step 9: NOT_EXECUTED
  Step 10: NOT_EXECUTED
  Step 11: NOT_EXECUTED
  Step 12: NOT_EXECUTED

Output Files:
  - Backlog: /home/mpb/Documents/GitHub/ai_workflow/src/workflow/backlog/workflow_20251218_035757
  - Summaries: /home/mpb/Documents/GitHub/ai_workflow/src/workflow/summaries/workflow_20251218_035757
  - Logs: /home/mpb/Documents/GitHub/ai_workflow/src/workflow/logs/workflow_20251218_035757

================================================================================
END OF LOG
================================================================================
