================================================================================
WORKFLOW EXECUTION LOG
================================================================================
Workflow ID: workflow_20251218_115106
Script Version: 2.3.0
Started: 2025-12-18 11:51:06
Mode: INTERACTIVE
Steps: all
Workflow Home: /home/mpb/Documents/GitHub/ai_workflow
Project Root: /tmp/test_wizard_project

================================================================================
EXECUTION LOG
================================================================================

[2025-12-18 11:51:06] [INFO] Starting pre-flight system checks
[2025-12-18 11:51:06] [SUCCESS] Project root validated: /tmp/test_wizard_project
[2025-12-18 11:51:06] [SUCCESS] Source directory validated: /tmp/test_wizard_project/src
[2025-12-18 11:51:06] [INFO] Tech stack: shell
[2025-12-18 11:51:06] [INFO] Node.js detected: v25.2.1 (optional)
[2025-12-18 11:51:06] [INFO] npm detected: 11.7.0 (optional)
[2025-12-18 11:51:06] [ERROR] Not a git repository

================================================================================
WORKFLOW SUMMARY
================================================================================
Completed: 2025-12-18 11:51:06
Duration: 0m 0s
Total Steps: 13

Step Status:
  Step 0: NOT_EXECUTED
  Step 1: NOT_EXECUTED
  Step 2: NOT_EXECUTED
  Step 3: NOT_EXECUTED
  Step 4: NOT_EXECUTED
  Step 5: NOT_EXECUTED
  Step 6: NOT_EXECUTED
  Step 7: NOT_EXECUTED
  Step 8: NOT_EXECUTED
  Step 9: NOT_EXECUTED
  Step 10: NOT_EXECUTED
  Step 11: NOT_EXECUTED
  Step 12: NOT_EXECUTED

Output Files:
  - Backlog: /tmp/test_wizard_project/src/workflow/backlog/workflow_20251218_115106
  - Summaries: /tmp/test_wizard_project/src/workflow/summaries/workflow_20251218_115106
  - Logs: /tmp/test_wizard_project/src/workflow/logs/workflow_20251218_115106

================================================================================
END OF LOG
================================================================================
