================================================================================
WORKFLOW EXECUTION LOG
================================================================================
Workflow ID: workflow_20251215_002452
Script Version: 2.0.0
Started: 2025-12-15 00:24:52
Mode: AUTO
Steps: all
Project Root: /home/mpb/Documents/GitHub/mpbarbosa_site

================================================================================
EXECUTION LOG
================================================================================

[2025-12-15 00:24:52] [INFO] Starting pre-flight system checks
[2025-12-15 00:24:52] [SUCCESS] Project root validated: /home/mpb/Documents/GitHub/mpbarbosa_site
[2025-12-15 00:24:52] [SUCCESS] Source directory validated: /home/mpb/Documents/GitHub/mpbarbosa_site/src
[2025-12-15 00:24:52] [SUCCESS] package.json found
[2025-12-15 00:24:52] [SUCCESS] Node.js detected: v25.2.1
[2025-12-15 00:24:52] [SUCCESS] npm detected: 11.7.0
[2025-12-15 00:24:52] [SUCCESS] Git repository validated
[2025-12-15 00:24:52] [INFO] Staged all uncommitted changes
[2025-12-15 00:24:52] [SUCCESS] shell_scripts directory found
[2025-12-15 00:24:52] [SUCCESS] docs directory found
[2025-12-15 00:24:52] [SUCCESS] tree command available
[2025-12-15 00:24:52] [SUCCESS] All pre-flight checks PASSED
[2025-12-15 00:24:52] [INFO] Starting dependency validation
[2025-12-15 00:24:52] [SUCCESS] node_modules directory exists
[2025-12-15 00:24:52] [SUCCESS] Jest detected in node_modules
[2025-12-15 00:24:52] [SUCCESS] Dependency validation completed
[2025-12-15 00:24:52] [INFO] Starting workflow execution
[2025-12-15 00:24:52] [INFO] Execution mode: AUTO
[2025-12-15 00:24:52] [INFO] Step selection: all
[2025-12-15 00:24:52] [STEP] ========== Step 0: Pre-Analysis ==========
[2025-12-15 00:24:52] [INFO] Step 0 started
[2025-12-15 00:24:52] [INFO] Step step0 status updated: ✅
[2025-12-15 00:24:52] [STEP] ========== Step 1: Documentation Updates ==========
[2025-12-15 00:24:52] [INFO] Step 1 started
[2025-12-15 00:29:31] [INFO] Step step1 status updated: ✅
[2025-12-15 00:29:31] [STEP] ========== Step 2: Consistency Analysis ==========
[2025-12-15 00:29:31] [INFO] Step 2 started
[2025-12-15 00:29:35] [INFO] Step step2 status updated: ✅
[2025-12-15 00:29:35] [STEP] ========== Step 3: Script Reference Validation ==========
[2025-12-15 00:29:35] [INFO] Step 3 started
[2025-12-15 00:31:56] [INFO] Step step3 status updated: ✅
[2025-12-15 00:31:56] [STEP] ========== Step 4: Directory Structure Validation ==========
[2025-12-15 00:31:56] [INFO] Step 4 started
[2025-12-15 00:35:21] [INFO] Step step4 status updated: ✅
[2025-12-15 00:35:21] [STEP] ========== Step 5: Test Review ==========
[2025-12-15 00:35:21] [INFO] Step 5 started
[2025-12-15 00:40:17] [INFO] Step step5 status updated: ✅
[2025-12-15 00:40:17] [STEP] ========== Step 6: Test Generation ==========
[2025-12-15 00:40:17] [INFO] Step 6 started
[2025-12-15 00:41:31] [INFO] Step step6 status updated: ✅
[2025-12-15 00:41:31] [STEP] ========== Step 7: Test Execution ==========
[2025-12-15 00:41:31] [INFO] Step 7 started
[2025-12-15 00:41:37] [INFO] Step step7 status updated: ✅
[2025-12-15 00:41:37] [STEP] ========== Step 8: Dependency Validation ==========
[2025-12-15 00:41:37] [INFO] Step 8 started
[2025-12-15 00:43:49] [INFO] Step step8 status updated: ✅
[2025-12-15 00:43:49] [STEP] ========== Step 9: Code Quality Validation ==========
[2025-12-15 00:43:49] [INFO] Step 9 started
[2025-12-15 00:49:47] [INFO] Step step9 status updated: ✅
[2025-12-15 00:49:47] [STEP] ========== Step 10: Context Analysis ==========
[2025-12-15 00:49:47] [INFO] Step 10 started
[2025-12-15 00:49:47] [INFO] Step step10 status updated: ✅
[2025-12-15 00:49:47] [STEP] ========== Step 11: Git Finalization ==========
[2025-12-15 00:49:47] [INFO] Step 11 started
[2025-12-15 00:51:52] [INFO] Step step11 status updated: ✅
[2025-12-15 00:51:52] [STEP] ========== Step 12: Markdown Linting ==========
[2025-12-15 00:51:52] [INFO] Step 12 started
[2025-12-15 00:52:05] [INFO] Workflow execution completed
[2025-12-15 00:52:05] [INFO] Executed steps: 13
[2025-12-15 00:52:05] [INFO] Skipped steps: 0
[2025-12-15 00:52:05] [SUCCESS] Workflow completed successfully
[2025-12-15 00:52:05] [INFO] Cleaning up 19 temporary files

================================================================================
WORKFLOW SUMMARY
================================================================================
Completed: 2025-12-15 00:52:05
Duration: 27m 13s
Total Steps: 13

Step Status:
  Step 0: NOT_EXECUTED
  Step 1: NOT_EXECUTED
  Step 2: NOT_EXECUTED
  Step 3: NOT_EXECUTED
  Step 4: NOT_EXECUTED
  Step 5: NOT_EXECUTED
  Step 6: NOT_EXECUTED
  Step 7: NOT_EXECUTED
  Step 8: NOT_EXECUTED
  Step 9: NOT_EXECUTED
  Step 10: NOT_EXECUTED
  Step 11: NOT_EXECUTED
  Step 12: NOT_EXECUTED

Output Files:
  - Backlog: /home/mpb/Documents/GitHub/mpbarbosa_site/shell_scripts/workflow/backlog/workflow_20251215_002452
  - Summaries: /home/mpb/Documents/GitHub/mpbarbosa_site/shell_scripts/workflow/summaries/workflow_20251215_002452
  - Logs: /home/mpb/Documents/GitHub/mpbarbosa_site/shell_scripts/workflow/logs/workflow_20251215_002452

================================================================================
END OF LOG
================================================================================
