================================================================================
WORKFLOW EXECUTION LOG
================================================================================
Workflow ID: workflow_20251221_185122
Script Version: 2.3.0
Started: 2025-12-21 18:51:22
Mode: DRY RUN
Steps: 0
Workflow Home: /home/mpb/Documents/GitHub/ai_workflow
Project Root: /home/mpb/Documents/GitHub/busca_vagas (target project)

================================================================================
EXECUTION LOG
================================================================================

[2025-12-21 18:51:22] [INFO] Starting pre-flight system checks
[2025-12-21 18:51:22] [SUCCESS] Project root validated: /home/mpb/Documents/GitHub/busca_vagas
[2025-12-21 18:51:22] [SUCCESS] Source directory validated: /home/mpb/Documents/GitHub/busca_vagas/src
[2025-12-21 18:51:22] [INFO] Tech stack: nodejs
[2025-12-21 18:51:22] [SUCCESS] package.json found
[2025-12-21 18:51:22] [SUCCESS] Node.js detected: v25.2.1
[2025-12-21 18:51:22] [SUCCESS] npm detected: 11.7.0
[2025-12-21 18:51:22] [SUCCESS] Git repository validated
[2025-12-21 18:51:22] [INFO] [DRY RUN] Would stage all changes
[2025-12-21 18:51:22] [SUCCESS] docs directory found
[2025-12-21 18:51:22] [SUCCESS] tree command available
[2025-12-21 18:51:22] [SUCCESS] All pre-flight checks PASSED
[2025-12-21 18:51:22] [INFO] Starting dependency validation
[2025-12-21 18:51:23] [INFO] Tech stack: nodejs
[2025-12-21 18:51:23] [INFO] Node.js project - checking npm dependencies
[2025-12-21 18:51:23] [SUCCESS] node_modules directory exists
[2025-12-21 18:51:23] [SUCCESS] Jest detected in node_modules
[2025-12-21 18:51:23] [SUCCESS] Dependency validation completed
[2025-12-21 18:51:23] [INFO] Loaded tech stack config: javascript/npm
[2025-12-21 18:51:23] [INFO] Analyzing change impact for optimization
[2025-12-21 18:51:23] [INFO] Change impact: HIGH (code=8, deps=true)
[2025-12-21 18:51:23] [INFO] Starting workflow execution
[2025-12-21 18:51:23] [INFO] Execution mode: DRY RUN
[2025-12-21 18:51:23] [INFO] Change impact level: High
[2025-12-21 18:51:23] [INFO] Step selection: 0
[2025-12-21 18:51:23] [STEP] ========== Step 0: Pre-Analysis ==========
[2025-12-21 18:51:23] [INFO] Step 0 started
[2025-12-21 18:51:24] [INFO] Detected tech stack: javascript/npm (confidence: 100%)
