================================================================================
WORKFLOW EXECUTION LOG
================================================================================
Workflow ID: workflow_20251220_190338
Script Version: 2.3.0
Started: 2025-12-20 19:03:38
Mode: INTERACTIVE
Steps: all
Workflow Home: /home/mpb/Documents/GitHub/ai_workflow
Project Root: /home/mpb/Documents/GitHub/ai_workflow (target project)

================================================================================
EXECUTION LOG
================================================================================

[2025-12-20 19:03:38] [INFO] Starting pre-flight system checks
[2025-12-20 19:03:38] [SUCCESS] Project root validated: /home/mpb/Documents/GitHub/ai_workflow
[2025-12-20 19:03:38] [SUCCESS] Source directory validated: /home/mpb/Documents/GitHub/ai_workflow/src
[2025-12-20 19:03:38] [INFO] Tech stack: shell
[2025-12-20 19:03:38] [INFO] Node.js detected: v25.2.1 (optional)
[2025-12-20 19:03:38] [INFO] npm detected: 11.7.0 (optional)
[2025-12-20 19:03:38] [SUCCESS] Git repository validated
[2025-12-20 19:03:38] [INFO] Staged all uncommitted changes
[2025-12-20 19:03:38] [SUCCESS] docs directory found
[2025-12-20 19:03:38] [SUCCESS] tree command available
[2025-12-20 19:03:38] [SUCCESS] All pre-flight checks PASSED
[2025-12-20 19:03:38] [INFO] Starting dependency validation
[2025-12-20 19:03:38] [INFO] Tech stack: shell
[2025-12-20 19:03:38] [INFO] Shell project - npm dependencies not required
[2025-12-20 19:03:38] [SUCCESS] Dependency validation completed
[2025-12-20 19:03:38] [INFO] Loaded tech stack config: bash/none
[2025-12-20 19:03:38] [INFO] Analyzing change impact for optimization
[2025-12-20 19:03:38] [INFO] Change impact: LOW (docs only)
[2025-12-20 19:03:38] [INFO] Starting workflow execution
[2025-12-20 19:03:38] [INFO] Execution mode: INTERACTIVE
[2025-12-20 19:03:38] [INFO] Change impact level: Low
[2025-12-20 19:03:38] [INFO] Step selection: all
[2025-12-20 19:03:38] [STEP] ========== Step 0: Pre-Analysis ==========
[2025-12-20 19:03:38] [INFO] Step 0 started
[2025-12-20 19:03:38] [INFO] Detected tech stack: bash/none (confidence: 85%)
[2025-12-20 19:03:43] [INFO] Step step0 status updated: ✅
[2025-12-20 19:03:43] [INFO] Checkpoint saved: Step 0 completed
[2025-12-20 19:03:43] [STEP] ========== Step 1: Documentation Updates ==========
[2025-12-20 19:03:43] [INFO] Step 1 started
[2025-12-20 19:21:50] [INFO] Step step1 status updated: ✅
[2025-12-20 19:21:50] [INFO] Checkpoint saved: Step 1 completed
[2025-12-20 19:21:50] [STEP] ========== Step 2: Consistency Analysis ==========
[2025-12-20 19:21:50] [INFO] Step 2 started
[2025-12-20 19:53:49] [INFO] Cleaning up 4 temporary files

================================================================================
WORKFLOW SUMMARY
================================================================================
Completed: 2025-12-20 19:53:49
Duration: 50m 11s
Total Steps: 13

Step Status:
  Step 0: NOT_EXECUTED
  Step 1: NOT_EXECUTED
  Step 2: NOT_EXECUTED
  Step 3: NOT_EXECUTED
  Step 4: NOT_EXECUTED
  Step 5: NOT_EXECUTED
  Step 6: NOT_EXECUTED
  Step 7: NOT_EXECUTED
  Step 8: NOT_EXECUTED
  Step 9: NOT_EXECUTED
  Step 10: NOT_EXECUTED
  Step 11: NOT_EXECUTED
  Step 12: NOT_EXECUTED

Output Files:
  - Backlog: /home/mpb/Documents/GitHub/ai_workflow/src/workflow/backlog/workflow_20251220_190338
  - Summaries: /home/mpb/Documents/GitHub/ai_workflow/src/workflow/summaries/workflow_20251220_190338
  - Logs: /home/mpb/Documents/GitHub/ai_workflow/src/workflow/logs/workflow_20251220_190338

================================================================================
END OF LOG
================================================================================
