================================================================================
WORKFLOW EXECUTION LOG
================================================================================
Workflow ID: workflow_20251218_234322
Script Version: 2.3.0
Started: 2025-12-18 23:43:22
Mode: INTERACTIVE
Steps: all
Workflow Home: /home/mpb/Documents/GitHub/ai_workflow
Project Root: /home/mpb/Documents/GitHub/ai_workflow (target project)

================================================================================
EXECUTION LOG
================================================================================

[2025-12-18 23:43:22] [INFO] Starting pre-flight system checks
[2025-12-18 23:43:22] [SUCCESS] Project root validated: /home/mpb/Documents/GitHub/ai_workflow
[2025-12-18 23:43:22] [SUCCESS] Source directory validated: /home/mpb/Documents/GitHub/ai_workflow/src
[2025-12-18 23:43:22] [INFO] Tech stack: shell
[2025-12-18 23:43:22] [INFO] Node.js detected: v25.2.1 (optional)
[2025-12-18 23:43:23] [INFO] npm detected: 11.7.0 (optional)
[2025-12-18 23:43:23] [SUCCESS] Git repository validated
[2025-12-18 23:43:23] [INFO] Staged all uncommitted changes
[2025-12-18 23:43:23] [SUCCESS] docs directory found
[2025-12-18 23:43:23] [SUCCESS] tree command available
[2025-12-18 23:43:23] [SUCCESS] All pre-flight checks PASSED
[2025-12-18 23:43:23] [INFO] Starting dependency validation
[2025-12-18 23:43:23] [INFO] Tech stack: shell
[2025-12-18 23:43:23] [INFO] Shell project - npm dependencies not required
[2025-12-18 23:43:23] [SUCCESS] Dependency validation completed
[2025-12-18 23:43:23] [INFO] Loaded tech stack config: bash/none
[2025-12-18 23:43:23] [INFO] Analyzing change impact for optimization
[2025-12-18 23:43:23] [INFO] Change impact: MEDIUM (code=0, tests=0)
[2025-12-18 23:43:23] [INFO] Starting workflow execution
[2025-12-18 23:43:23] [INFO] Execution mode: INTERACTIVE
[2025-12-18 23:43:23] [INFO] Change impact level: Medium
[2025-12-18 23:43:23] [INFO] Step selection: all
[2025-12-18 23:43:23] [STEP] ========== Step 0: Pre-Analysis ==========
[2025-12-18 23:43:23] [INFO] Step 0 started
[2025-12-18 23:43:24] [INFO] Step step0 status updated: ✅
[2025-12-18 23:43:24] [INFO] Checkpoint saved: Step 0 completed
[2025-12-18 23:43:24] [STEP] ========== Step 1: Documentation Updates ==========
[2025-12-18 23:43:24] [INFO] Step 1 started

================================================================================
WORKFLOW SUMMARY
================================================================================
Completed: 2025-12-18 23:43:28
Duration: 0m 6s
Total Steps: 13

Step Status:
  Step 0: NOT_EXECUTED
  Step 1: NOT_EXECUTED
  Step 2: NOT_EXECUTED
  Step 3: NOT_EXECUTED
  Step 4: NOT_EXECUTED
  Step 5: NOT_EXECUTED
  Step 6: NOT_EXECUTED
  Step 7: NOT_EXECUTED
  Step 8: NOT_EXECUTED
  Step 9: NOT_EXECUTED
  Step 10: NOT_EXECUTED
  Step 11: NOT_EXECUTED
  Step 12: NOT_EXECUTED

Output Files:
  - Backlog: /home/mpb/Documents/GitHub/ai_workflow/src/workflow/backlog/workflow_20251218_234322
  - Summaries: /home/mpb/Documents/GitHub/ai_workflow/src/workflow/summaries/workflow_20251218_234322
  - Logs: /home/mpb/Documents/GitHub/ai_workflow/src/workflow/logs/workflow_20251218_234322

================================================================================
END OF LOG
================================================================================
