================================================================================
WORKFLOW EXECUTION LOG
================================================================================
Workflow ID: workflow_20251223_184801
Script Version: 2.3.0
Started: 2025-12-23 18:48:01
Mode: INTERACTIVE
Steps: all
Workflow Home: /home/mpb/Documents/GitHub/ai_workflow
Project Root: /home/mpb/Documents/GitHub/ai_workflow (target project)

================================================================================
EXECUTION LOG
================================================================================

[2025-12-23 18:48:01] [INFO] Starting pre-flight system checks
[2025-12-23 18:48:01] [SUCCESS] Project root validated: /home/mpb/Documents/GitHub/ai_workflow
[2025-12-23 18:48:01] [SUCCESS] Source directory validated: /home/mpb/Documents/GitHub/ai_workflow/src
[2025-12-23 18:48:01] [INFO] Tech stack: shell
[2025-12-23 18:48:01] [INFO] Node.js detected: v25.2.1 (optional)
[2025-12-23 18:48:01] [INFO] npm detected: 11.7.0 (optional)
[2025-12-23 18:48:01] [SUCCESS] Git repository validated
[2025-12-23 18:48:01] [INFO] Staged all uncommitted changes
[2025-12-23 18:48:01] [SUCCESS] docs directory found
[2025-12-23 18:48:01] [SUCCESS] tree command available
[2025-12-23 18:48:01] [SUCCESS] All pre-flight checks PASSED
[2025-12-23 18:48:01] [INFO] Starting dependency validation
[2025-12-23 18:48:01] [INFO] Tech stack: shell
[2025-12-23 18:48:01] [INFO] Shell project - npm dependencies not required
[2025-12-23 18:48:01] [SUCCESS] Dependency validation completed
[2025-12-23 18:48:02] [INFO] Loaded tech stack config: bash/none
[2025-12-23 18:48:02] [INFO] Analyzing change impact for optimization
[2025-12-23 18:48:02] [INFO] Change impact: LOW (docs only)
[2025-12-23 18:48:02] [INFO] Starting workflow execution
[2025-12-23 18:48:02] [INFO] Execution mode: INTERACTIVE
[2025-12-23 18:48:02] [INFO] Change impact level: Low
[2025-12-23 18:48:02] [INFO] Step selection: all
[2025-12-23 18:48:02] [STEP] ========== Step 0: Pre-Analysis ==========
[2025-12-23 18:48:02] [INFO] Step 0 started
[2025-12-23 18:48:02] [INFO] Detected tech stack: bash/none (confidence: 85%)
[2025-12-23 18:48:03] [INFO] Step step0 status updated: ✅
[2025-12-23 18:48:03] [INFO] Step 0 status updated: ✅
[2025-12-23 18:48:03] [INFO] Checkpoint saved: Step 0 completed
[2025-12-23 18:48:03] [STEP] ========== Step 1: Documentation Updates ==========
[2025-12-23 18:48:04] [INFO] Step 1 started
[2025-12-23 18:49:19] [INFO] Step 1 status updated: ✅
[2025-12-23 18:49:19] [INFO] Checkpoint saved: Step 1 completed
[2025-12-23 18:49:19] [STEP] ========== Step 2: Consistency Analysis ==========
[2025-12-23 18:49:19] [INFO] Step 2 started
[2025-12-23 18:55:41] [INFO] Step step2 status updated: ✅
[2025-12-23 18:55:41] [INFO] Step 2 status updated: ✅
[2025-12-23 18:55:41] [INFO] Checkpoint saved: Step 2 completed
[2025-12-23 18:55:41] [STEP] ========== Step 3: Script Reference Validation ==========
[2025-12-23 18:55:41] [INFO] Step 3 started
[2025-12-23 18:59:34] [INFO] Step step3 status updated: ✅
[2025-12-23 18:59:34] [INFO] Step 3 status updated: ✅
[2025-12-23 18:59:34] [INFO] Checkpoint saved: Step 3 completed
[2025-12-23 18:59:34] [STEP] ========== Step 4: Directory Structure Validation ==========
[2025-12-23 18:59:34] [INFO] Step 4 started
[2025-12-23 19:05:29] [INFO] Step step4 status updated: ✅
[2025-12-23 19:05:29] [INFO] Step 4 status updated: ✅
[2025-12-23 19:05:29] [INFO] Checkpoint saved: Step 4 completed
[2025-12-23 19:05:29] [STEP] ========== Step 5: Test Review ==========
[2025-12-23 19:05:29] [INFO] Step 5 started
[2025-12-23 19:05:29] [INFO] Step step5 status updated: ✅
[2025-12-23 19:05:29] [INFO] Step 5 status updated: ✅
[2025-12-23 19:05:29] [INFO] Checkpoint saved: Step 5 completed
[2025-12-23 19:05:29] [STEP] ========== Step 6: Test Generation ==========
[2025-12-23 19:05:29] [INFO] Step 6 started
[2025-12-23 19:05:29] [INFO] Step step6 status updated: ✅
[2025-12-23 19:05:29] [INFO] Step 6 status updated: ✅
[2025-12-23 19:05:29] [INFO] Checkpoint saved: Step 6 completed
[2025-12-23 19:05:29] [STEP] ========== Step 7: Test Execution ==========
[2025-12-23 19:05:29] [INFO] Step 7 started
[2025-12-23 19:08:05] [INFO] Step step7 status updated: ✅
[2025-12-23 19:08:05] [INFO] Step 7 status updated: ✅
[2025-12-23 19:08:05] [INFO] Checkpoint saved: Step 7 completed
[2025-12-23 19:08:06] [STEP] ========== Step 8: Dependency Validation ==========
[2025-12-23 19:08:06] [INFO] Step 8 started
[2025-12-23 19:08:06] [INFO] Step step8 status updated: ✅
[2025-12-23 19:08:06] [INFO] Step 8 status updated: ✅
[2025-12-23 19:08:06] [INFO] Checkpoint saved: Step 8 completed
[2025-12-23 19:08:06] [STEP] ========== Step 9: Code Quality Validation ==========
[2025-12-23 19:08:06] [INFO] Step 9 started
[2025-12-23 19:13:06] [INFO] Step step9 status updated: ✅
[2025-12-23 19:13:06] [INFO] Step 9 status updated: ✅
[2025-12-23 19:13:06] [INFO] Checkpoint saved: Step 9 completed
[2025-12-23 19:13:06] [STEP] ========== Step 10: Context Analysis ==========
[2025-12-23 19:13:06] [INFO] Step 10 started
[2025-12-23 19:15:58] [INFO] Step step10 status updated: ✅
[2025-12-23 19:15:58] [INFO] Step 10 status updated: ✅
[2025-12-23 19:15:58] [INFO] Checkpoint saved: Step 10 completed
[2025-12-23 19:15:58] [STEP] ========== Step 11: Git Finalization ==========
[2025-12-23 19:15:58] [INFO] Step 11 started
