================================================================================
WORKFLOW EXECUTION LOG
================================================================================
Workflow ID: workflow_20251223_211744
Script Version: 2.3.0
Started: 2025-12-23 21:17:45
Mode: INTERACTIVE
Steps: all
Workflow Home: /home/mpb/Documents/GitHub/ai_workflow
Project Root: /home/mpb/Documents/GitHub/ai_workflow

================================================================================
EXECUTION LOG
================================================================================

[2025-12-23 21:17:45] [INFO] Starting pre-flight system checks
[2025-12-23 21:17:45] [SUCCESS] Project root validated: /home/mpb/Documents/GitHub/ai_workflow
[2025-12-23 21:17:45] [SUCCESS] Source directory validated: /home/mpb/Documents/GitHub/ai_workflow/src
[2025-12-23 21:17:45] [INFO] Tech stack: shell
[2025-12-23 21:17:45] [INFO] Node.js detected: v25.2.1 (optional)
[2025-12-23 21:17:45] [INFO] npm detected: 11.7.0 (optional)
[2025-12-23 21:17:45] [SUCCESS] Git repository validated
[2025-12-23 21:17:45] [INFO] Staged all uncommitted changes
[2025-12-23 21:17:45] [SUCCESS] docs directory found
[2025-12-23 21:17:45] [SUCCESS] tree command available
[2025-12-23 21:17:45] [SUCCESS] All pre-flight checks PASSED
[2025-12-23 21:17:45] [INFO] Starting dependency validation
[2025-12-23 21:17:45] [INFO] Tech stack: shell
[2025-12-23 21:17:45] [INFO] Shell project - npm dependencies not required
[2025-12-23 21:17:45] [SUCCESS] Dependency validation completed
[2025-12-23 21:17:45] [INFO] Loaded tech stack config: bash/none
[2025-12-23 21:17:45] [INFO] Analyzing change impact for optimization
[2025-12-23 21:17:45] [INFO] Change impact: MEDIUM (code=0, tests=0)

================================================================================
WORKFLOW SUMMARY
================================================================================
Completed: 2025-12-23 21:18:23
Duration: 0m 39s
Total Steps: 13

Step Status:
  Step 0: ✅
  Step 1: NOT_EXECUTED
  Step 2: ✅
  Step 3: ✅
  Step 4: ✅
  Step 5: ✅
  Step 6: ✅
  Step 7: ✅
  Step 8: ✅
  Step 9: ✅
  Step 10: ✅
  Step 11: ✅
  Step 12: ⚠️ WARNINGS - 3 issue categories

Output Files:
  - Backlog: /home/mpb/Documents/GitHub/ai_workflow/src/workflow/backlog/workflow_20251223_211744
  - Summaries: /home/mpb/Documents/GitHub/ai_workflow/src/workflow/summaries/workflow_20251223_211744
  - Logs: /home/mpb/Documents/GitHub/ai_workflow/src/workflow/logs/workflow_20251223_211744

================================================================================
END OF LOG
================================================================================
