================================================================================
WORKFLOW EXECUTION LOG
================================================================================
Workflow ID: workflow_20251220_184321
Script Version: 2.3.0
Started: 2025-12-20 18:43:21
Mode: AUTO
Steps: all
Workflow Home: /home/mpb/Documents/GitHub/ai_workflow
Project Root: /home/mpb/Documents/GitHub/ai_workflow (target project)

================================================================================
EXECUTION LOG
================================================================================

[2025-12-20 18:43:21] [INFO] Starting pre-flight system checks
[2025-12-20 18:43:21] [SUCCESS] Project root validated: /home/mpb/Documents/GitHub/ai_workflow
[2025-12-20 18:43:21] [SUCCESS] Source directory validated: /home/mpb/Documents/GitHub/ai_workflow/src
[2025-12-20 18:43:21] [INFO] Tech stack: shell
[2025-12-20 18:43:21] [INFO] Node.js detected: v25.2.1 (optional)
[2025-12-20 18:43:21] [INFO] npm detected: 11.7.0 (optional)
[2025-12-20 18:43:21] [SUCCESS] Git repository validated
[2025-12-20 18:43:21] [INFO] Staged all uncommitted changes
[2025-12-20 18:43:21] [SUCCESS] docs directory found
[2025-12-20 18:43:21] [SUCCESS] tree command available
[2025-12-20 18:43:21] [SUCCESS] All pre-flight checks PASSED
[2025-12-20 18:43:21] [INFO] Starting dependency validation
[2025-12-20 18:43:21] [INFO] Tech stack: shell
[2025-12-20 18:43:21] [INFO] Shell project - npm dependencies not required
[2025-12-20 18:43:21] [SUCCESS] Dependency validation completed
[2025-12-20 18:43:22] [INFO] Loaded tech stack config: bash/none
[2025-12-20 18:43:22] [INFO] Analyzing change impact for optimization
[2025-12-20 18:43:22] [INFO] Change impact: MEDIUM (code=0, tests=0)
[2025-12-20 18:43:22] [INFO] Starting workflow execution
[2025-12-20 18:43:22] [INFO] Execution mode: AUTO
[2025-12-20 18:43:22] [INFO] Change impact level: Medium
[2025-12-20 18:43:22] [INFO] Step selection: all
[2025-12-20 18:43:22] [STEP] ========== Step 0: Pre-Analysis ==========
[2025-12-20 18:43:22] [INFO] Step 0 started
[2025-12-20 18:43:22] [INFO] Detected tech stack: bash/none (confidence: 85%)
[2025-12-20 18:43:22] [INFO] Step step0 status updated: ✅
[2025-12-20 18:43:22] [INFO] Checkpoint saved: Step 0 completed
[2025-12-20 18:43:22] [STEP] ========== Step 1: Documentation Updates ==========
[2025-12-20 18:43:22] [INFO] Step 1 started
[2025-12-20 18:43:22] [INFO] AUTO_MODE: Skipping continuation prompt
[2025-12-20 18:43:22] [INFO] Step step1 status updated: ✅
[2025-12-20 18:43:22] [INFO] AUTO_MODE: Skipping continuation prompt
[2025-12-20 18:43:22] [INFO] Checkpoint saved: Step 1 completed
[2025-12-20 18:43:22] [STEP] ========== Step 2: Consistency Analysis ==========
[2025-12-20 18:43:22] [INFO] Step 2 started
[2025-12-20 18:43:27] [INFO] Step step2 status updated: ✅
[2025-12-20 18:43:27] [INFO] Checkpoint saved: Step 2 completed
[2025-12-20 18:43:27] [STEP] ========== Step 3: Script Reference Validation ==========
[2025-12-20 18:43:27] [INFO] Step 3 started
[2025-12-20 18:43:28] [INFO] Step step3 status updated: ✅
[2025-12-20 18:43:28] [INFO] Checkpoint saved: Step 3 completed
[2025-12-20 18:43:28] [STEP] ========== Step 4: Directory Structure Validation ==========
[2025-12-20 18:43:28] [INFO] Step 4 started
[2025-12-20 18:43:28] [INFO] Step step4 status updated: ✅
[2025-12-20 18:43:28] [INFO] Checkpoint saved: Step 4 completed
[2025-12-20 18:43:28] [STEP] ========== Step 5: Test Review ==========
[2025-12-20 18:43:28] [INFO] Step 5 started
[2025-12-20 18:43:28] [INFO] Step step5 status updated: ✅
[2025-12-20 18:43:28] [INFO] Checkpoint saved: Step 5 completed
[2025-12-20 18:43:28] [STEP] ========== Step 6: Test Generation ==========
[2025-12-20 18:43:28] [INFO] Step 6 started
[2025-12-20 18:43:28] [INFO] Step step6 status updated: ✅
[2025-12-20 18:43:28] [INFO] Checkpoint saved: Step 6 completed
[2025-12-20 18:43:28] [STEP] ========== Step 7: Test Execution ==========
[2025-12-20 18:43:28] [INFO] Step 7 started
[2025-12-20 18:43:30] [INFO] Step step7 status updated: ✅
[2025-12-20 18:43:30] [INFO] Checkpoint saved: Step 7 completed
[2025-12-20 18:43:30] [STEP] ========== Step 8: Dependency Validation ==========
[2025-12-20 18:43:30] [INFO] Step 8 started
[2025-12-20 18:43:30] [INFO] Step step8 status updated: ✅
[2025-12-20 18:43:30] [INFO] Checkpoint saved: Step 8 completed
[2025-12-20 18:43:30] [STEP] ========== Step 9: Code Quality Validation ==========
[2025-12-20 18:43:30] [INFO] Step 9 started
[2025-12-20 18:43:30] [INFO] Step step9 status updated: ✅
[2025-12-20 18:43:30] [INFO] Checkpoint saved: Step 9 completed
[2025-12-20 18:43:30] [STEP] ========== Step 10: Context Analysis ==========
[2025-12-20 18:43:30] [INFO] Step 10 started
[2025-12-20 18:43:30] [INFO] Step step10 status updated: ✅
[2025-12-20 18:43:30] [INFO] Checkpoint saved: Step 10 completed
[2025-12-20 18:43:30] [STEP] ========== Step 11: Git Finalization ==========
[2025-12-20 18:43:30] [INFO] Step 11 started
