================================================================================
WORKFLOW EXECUTION LOG
================================================================================
Workflow ID: workflow_20251218_012308
Script Version: 2.0.0
Started: 2025-12-18 01:23:08
Mode: AUTO
Steps: all
Project Root: /home/mpb/Documents/GitHub/mpbarbosa_site

================================================================================
EXECUTION LOG
================================================================================

[2025-12-18 01:23:08] [INFO] Starting pre-flight system checks
[2025-12-18 01:23:08] [SUCCESS] Project root validated: /home/mpb/Documents/GitHub/mpbarbosa_site
[2025-12-18 01:23:08] [SUCCESS] Source directory validated: /home/mpb/Documents/GitHub/mpbarbosa_site/src
[2025-12-18 01:23:08] [SUCCESS] package.json found
[2025-12-18 01:23:08] [SUCCESS] Node.js detected: v25.2.1
[2025-12-18 01:23:08] [SUCCESS] npm detected: 11.7.0
[2025-12-18 01:23:08] [SUCCESS] Git repository validated
[2025-12-18 01:23:08] [INFO] Staged all uncommitted changes
[2025-12-18 01:23:08] [SUCCESS] shell_scripts directory found
[2025-12-18 01:23:08] [SUCCESS] docs directory found
[2025-12-18 01:23:08] [SUCCESS] tree command available
[2025-12-18 01:23:08] [SUCCESS] All pre-flight checks PASSED
[2025-12-18 01:23:08] [INFO] Starting dependency validation
[2025-12-18 01:23:08] [SUCCESS] node_modules directory exists
[2025-12-18 01:23:08] [SUCCESS] Jest detected in node_modules
[2025-12-18 01:23:08] [SUCCESS] Dependency validation completed
[2025-12-18 01:23:09] [INFO] Analyzing change impact for optimization
[2025-12-18 01:23:09] [INFO] Change impact: MEDIUM (code=0, tests=0)
[2025-12-18 01:23:09] [INFO] Starting workflow execution
[2025-12-18 01:23:09] [INFO] Execution mode: AUTO
[2025-12-18 01:23:09] [INFO] Change impact level: Medium
[2025-12-18 01:23:09] [INFO] Step selection: all
[2025-12-18 01:23:09] [STEP] ========== Step 0: Pre-Analysis ==========
[2025-12-18 01:23:09] [INFO] Step 0 started
[2025-12-18 01:23:09] [INFO] Step step0 status updated: ✅
[2025-12-18 01:23:09] [INFO] Checkpoint saved: Step 0 completed
[2025-12-18 01:23:09] [STEP] ========== Step 1: Documentation Updates ==========
[2025-12-18 01:23:09] [INFO] Step 1 started
[2025-12-18 01:23:10] [INFO] Cleaning up 1 temporary files

================================================================================
WORKFLOW SUMMARY
================================================================================
Completed: 2025-12-18 01:23:10
Duration: 0m 2s
Total Steps: 13

Step Status:
  Step 0: NOT_EXECUTED
  Step 1: NOT_EXECUTED
  Step 2: NOT_EXECUTED
  Step 3: NOT_EXECUTED
  Step 4: NOT_EXECUTED
  Step 5: NOT_EXECUTED
  Step 6: NOT_EXECUTED
  Step 7: NOT_EXECUTED
  Step 8: NOT_EXECUTED
  Step 9: NOT_EXECUTED
  Step 10: NOT_EXECUTED
  Step 11: NOT_EXECUTED
  Step 12: NOT_EXECUTED

Output Files:
  - Backlog: /home/mpb/Documents/GitHub/mpbarbosa_site/shell_scripts/workflow/backlog/workflow_20251218_012308
  - Summaries: /home/mpb/Documents/GitHub/mpbarbosa_site/shell_scripts/workflow/summaries/workflow_20251218_012308
  - Logs: /home/mpb/Documents/GitHub/mpbarbosa_site/shell_scripts/workflow/logs/workflow_20251218_012308

================================================================================
END OF LOG
================================================================================
