================================================================================
WORKFLOW EXECUTION LOG
================================================================================
Workflow ID: workflow_20251218_132433
Script Version: 2.3.0
Started: 2025-12-18 13:24:33
Mode: DRY RUN
Steps: 7
Workflow Home: /home/mpb/Documents/GitHub/ai_workflow
Project Root: /home/mpb/Documents/GitHub/ai_workflow (target project)

================================================================================
EXECUTION LOG
================================================================================

[2025-12-18 13:24:33] [INFO] Starting pre-flight system checks
[2025-12-18 13:24:33] [SUCCESS] Project root validated: /home/mpb/Documents/GitHub/ai_workflow
[2025-12-18 13:24:33] [SUCCESS] Source directory validated: /home/mpb/Documents/GitHub/ai_workflow/src
[2025-12-18 13:24:33] [INFO] Tech stack: shell
[2025-12-18 13:24:33] [INFO] Node.js detected: v25.2.1 (optional)
[2025-12-18 13:24:34] [INFO] npm detected: 11.7.0 (optional)
[2025-12-18 13:24:34] [SUCCESS] Git repository validated
[2025-12-18 13:24:34] [INFO] [DRY RUN] Would stage all changes
[2025-12-18 13:24:34] [SUCCESS] docs directory found
[2025-12-18 13:24:34] [SUCCESS] tree command available
[2025-12-18 13:24:34] [SUCCESS] All pre-flight checks PASSED
[2025-12-18 13:24:34] [INFO] Starting dependency validation
[2025-12-18 13:24:34] [INFO] Tech stack: shell
[2025-12-18 13:24:34] [INFO] Shell project - npm dependencies not required
[2025-12-18 13:24:34] [SUCCESS] Dependency validation completed
[2025-12-18 13:24:34] [INFO] Loaded tech stack config: bash/none
[2025-12-18 13:24:34] [INFO] Analyzing change impact for optimization
[2025-12-18 13:24:34] [INFO] Change impact: MEDIUM (code=0, tests=0)
