================================================================================
WORKFLOW EXECUTION LOG
================================================================================
Workflow ID: workflow_20251217_145620
Script Version: 2.0.0
Started: 2025-12-17 14:56:20
Mode: AUTO
Steps: all
Project Root: /home/mpb/Documents/GitHub/mpbarbosa_site

================================================================================
EXECUTION LOG
================================================================================

[2025-12-17 14:56:20] [INFO] Starting pre-flight system checks
[2025-12-17 14:56:20] [SUCCESS] Project root validated: /home/mpb/Documents/GitHub/mpbarbosa_site
[2025-12-17 14:56:20] [SUCCESS] Source directory validated: /home/mpb/Documents/GitHub/mpbarbosa_site/src
[2025-12-17 14:56:20] [SUCCESS] package.json found
[2025-12-17 14:56:20] [SUCCESS] Node.js detected: v25.2.1
[2025-12-17 14:56:20] [SUCCESS] npm detected: 11.7.0
[2025-12-17 14:56:20] [SUCCESS] Git repository validated
[2025-12-17 14:56:20] [INFO] Staged all uncommitted changes
[2025-12-17 14:56:20] [SUCCESS] shell_scripts directory found
[2025-12-17 14:56:20] [SUCCESS] docs directory found
[2025-12-17 14:56:20] [SUCCESS] tree command available
[2025-12-17 14:56:20] [SUCCESS] All pre-flight checks PASSED
[2025-12-17 14:56:20] [INFO] Starting dependency validation
[2025-12-17 14:56:20] [SUCCESS] node_modules directory exists
[2025-12-17 14:56:20] [SUCCESS] Jest detected in node_modules
[2025-12-17 14:56:20] [SUCCESS] Dependency validation completed
[2025-12-17 14:56:20] [INFO] Starting workflow execution
[2025-12-17 14:56:20] [INFO] Execution mode: AUTO
[2025-12-17 14:56:20] [INFO] Step selection: all
[2025-12-17 14:56:20] [STEP] ========== Step 0: Pre-Analysis ==========
[2025-12-17 14:56:20] [INFO] Step 0 started
[2025-12-17 14:56:20] [INFO] Step step0 status updated: ✅
[2025-12-17 14:56:20] [STEP] ========== Step 1: Documentation Updates ==========
[2025-12-17 14:56:20] [INFO] Step 1 started
[2025-12-17 15:00:49] [INFO] Step step1 status updated: ✅
[2025-12-17 15:00:49] [STEP] ========== Step 2: Consistency Analysis ==========
[2025-12-17 15:00:49] [INFO] Step 2 started
[2025-12-17 15:00:52] [INFO] Step step2 status updated: ✅
[2025-12-17 15:00:52] [STEP] ========== Step 3: Script Reference Validation ==========
[2025-12-17 15:00:52] [INFO] Step 3 started
[2025-12-17 15:05:13] [INFO] Step step3 status updated: ✅
[2025-12-17 15:05:13] [STEP] ========== Step 4: Directory Structure Validation ==========
[2025-12-17 15:05:13] [INFO] Step 4 started
[2025-12-17 15:07:35] [INFO] Step step4 status updated: ✅
[2025-12-17 15:07:35] [STEP] ========== Step 5: Test Review ==========
[2025-12-17 15:07:35] [INFO] Step 5 started
[2025-12-17 15:11:49] [INFO] Step step5 status updated: ✅
[2025-12-17 15:11:49] [STEP] ========== Step 6: Test Generation ==========
[2025-12-17 15:11:49] [INFO] Step 6 started
[2025-12-17 15:12:43] [INFO] Step step6 status updated: ✅
[2025-12-17 15:12:43] [STEP] ========== Step 7: Test Execution ==========
[2025-12-17 15:12:43] [INFO] Step 7 started
[2025-12-17 15:12:47] [INFO] Step step7 status updated: ✅
[2025-12-17 15:12:47] [STEP] ========== Step 8: Dependency Validation ==========
[2025-12-17 15:12:47] [INFO] Step 8 started
[2025-12-17 15:14:07] [INFO] Step step8 status updated: ✅
[2025-12-17 15:14:07] [STEP] ========== Step 9: Code Quality Validation ==========
[2025-12-17 15:14:07] [INFO] Step 9 started
[2025-12-17 15:17:02] [INFO] Step step9 status updated: ✅
[2025-12-17 15:17:02] [STEP] ========== Step 10: Context Analysis ==========
[2025-12-17 15:17:02] [INFO] Step 10 started
[2025-12-17 15:17:02] [INFO] Step step10 status updated: ✅
[2025-12-17 15:17:02] [STEP] ========== Step 11: Git Finalization ==========
[2025-12-17 15:17:02] [INFO] Step 11 started
[2025-12-17 15:17:40] [INFO] Step step11 status updated: ✅
[2025-12-17 15:17:41] [STEP] ========== Step 12: Markdown Linting ==========
[2025-12-17 15:17:41] [INFO] Step 12 started
[2025-12-17 15:17:54] [INFO] Workflow execution completed
[2025-12-17 15:17:54] [INFO] Executed steps: 13
[2025-12-17 15:17:54] [INFO] Skipped steps: 0
[2025-12-17 15:17:54] [SUCCESS] Workflow completed successfully
[2025-12-17 15:17:54] [INFO] Cleaning up 19 temporary files

================================================================================
WORKFLOW SUMMARY
================================================================================
Completed: 2025-12-17 15:17:54
Duration: 21m 34s
Total Steps: 13

Step Status:
  Step 0: NOT_EXECUTED
  Step 1: NOT_EXECUTED
  Step 2: NOT_EXECUTED
  Step 3: NOT_EXECUTED
  Step 4: NOT_EXECUTED
  Step 5: NOT_EXECUTED
  Step 6: NOT_EXECUTED
  Step 7: NOT_EXECUTED
  Step 8: NOT_EXECUTED
  Step 9: NOT_EXECUTED
  Step 10: NOT_EXECUTED
  Step 11: NOT_EXECUTED
  Step 12: NOT_EXECUTED

Output Files:
  - Backlog: /home/mpb/Documents/GitHub/mpbarbosa_site/shell_scripts/workflow/backlog/workflow_20251217_145620
  - Summaries: /home/mpb/Documents/GitHub/mpbarbosa_site/shell_scripts/workflow/summaries/workflow_20251217_145620
  - Logs: /home/mpb/Documents/GitHub/mpbarbosa_site/shell_scripts/workflow/logs/workflow_20251217_145620

================================================================================
END OF LOG
================================================================================
