================================================================================
WORKFLOW EXECUTION LOG
================================================================================
Workflow ID: workflow_20251215_002359
Script Version: 2.0.0
Started: 2025-12-15 00:23:59
Mode: AUTO
Steps: all
Project Root: /home/mpb/Documents/GitHub/mpbarbosa_site

================================================================================
EXECUTION LOG
================================================================================

[2025-12-15 00:23:59] [INFO] Starting pre-flight system checks
[2025-12-15 00:23:59] [SUCCESS] Project root validated: /home/mpb/Documents/GitHub/mpbarbosa_site
[2025-12-15 00:23:59] [SUCCESS] Source directory validated: /home/mpb/Documents/GitHub/mpbarbosa_site/src
[2025-12-15 00:23:59] [SUCCESS] package.json found
[2025-12-15 00:23:59] [SUCCESS] Node.js detected: v25.2.1
[2025-12-15 00:23:59] [SUCCESS] npm detected: 11.7.0
[2025-12-15 00:23:59] [SUCCESS] Git repository validated
[2025-12-15 00:24:00] [INFO] Staged all uncommitted changes
[2025-12-15 00:24:00] [SUCCESS] shell_scripts directory found
[2025-12-15 00:24:00] [SUCCESS] docs directory found
[2025-12-15 00:24:00] [SUCCESS] tree command available
[2025-12-15 00:24:00] [SUCCESS] All pre-flight checks PASSED
[2025-12-15 00:24:00] [INFO] Starting dependency validation
[2025-12-15 00:24:00] [SUCCESS] node_modules directory exists
[2025-12-15 00:24:00] [SUCCESS] Jest detected in node_modules
[2025-12-15 00:24:00] [SUCCESS] Dependency validation completed
[2025-12-15 00:24:00] [INFO] Starting workflow execution
[2025-12-15 00:24:00] [INFO] Execution mode: AUTO
[2025-12-15 00:24:00] [INFO] Step selection: all
[2025-12-15 00:24:00] [STEP] ========== Step 0: Pre-Analysis ==========
[2025-12-15 00:24:00] [INFO] Step 0 started
[2025-12-15 00:24:00] [INFO] Step step0 status updated: ✅

================================================================================
WORKFLOW SUMMARY
================================================================================
Completed: 2025-12-15 00:24:00
Duration: 0m 1s
Total Steps: 13

Step Status:
  Step 0: NOT_EXECUTED
  Step 1: NOT_EXECUTED
  Step 2: NOT_EXECUTED
  Step 3: NOT_EXECUTED
  Step 4: NOT_EXECUTED
  Step 5: NOT_EXECUTED
  Step 6: NOT_EXECUTED
  Step 7: NOT_EXECUTED
  Step 8: NOT_EXECUTED
  Step 9: NOT_EXECUTED
  Step 10: NOT_EXECUTED
  Step 11: NOT_EXECUTED
  Step 12: NOT_EXECUTED

Output Files:
  - Backlog: /home/mpb/Documents/GitHub/mpbarbosa_site/shell_scripts/workflow/backlog/workflow_20251215_002359
  - Summaries: /home/mpb/Documents/GitHub/mpbarbosa_site/shell_scripts/workflow/summaries/workflow_20251215_002359
  - Logs: /home/mpb/Documents/GitHub/mpbarbosa_site/shell_scripts/workflow/logs/workflow_20251215_002359

================================================================================
END OF LOG
================================================================================
