================================================================================
WORKFLOW EXECUTION LOG
================================================================================
Workflow ID: workflow_20251218_115546
Script Version: 2.3.0
Started: 2025-12-18 11:55:46
Mode: INTERACTIVE
Steps: all
Workflow Home: /home/mpb/Documents/GitHub/ai_workflow
Project Root: /home/mpb/Documents/GitHub/ai_workflow

================================================================================
EXECUTION LOG
================================================================================

[2025-12-18 11:55:46] [INFO] Starting pre-flight system checks
[2025-12-18 11:55:46] [SUCCESS] Project root validated: /home/mpb/Documents/GitHub/ai_workflow
[2025-12-18 11:55:46] [SUCCESS] Source directory validated: /home/mpb/Documents/GitHub/ai_workflow/src
[2025-12-18 11:55:46] [INFO] Tech stack: shell

================================================================================
WORKFLOW SUMMARY
================================================================================
Completed: 2025-12-18 11:55:46
Duration: 0m 0s
Total Steps: 13

Step Status:
  Step 0: NOT_EXECUTED
  Step 1: NOT_EXECUTED
  Step 2: NOT_EXECUTED
  Step 3: NOT_EXECUTED
  Step 4: NOT_EXECUTED
  Step 5: NOT_EXECUTED
  Step 6: NOT_EXECUTED
  Step 7: NOT_EXECUTED
  Step 8: NOT_EXECUTED
  Step 9: NOT_EXECUTED
  Step 10: NOT_EXECUTED
  Step 11: NOT_EXECUTED
  Step 12: NOT_EXECUTED

Output Files:
  - Backlog: /home/mpb/Documents/GitHub/ai_workflow/src/workflow/backlog/workflow_20251218_115546
  - Summaries: /home/mpb/Documents/GitHub/ai_workflow/src/workflow/summaries/workflow_20251218_115546
  - Logs: /home/mpb/Documents/GitHub/ai_workflow/src/workflow/logs/workflow_20251218_115546

================================================================================
END OF LOG
================================================================================
