================================================================================
WORKFLOW EXECUTION LOG
================================================================================
Workflow ID: workflow_20251220_185055
Script Version: 2.3.0
Started: 2025-12-20 18:50:55
Mode: AUTO
Steps: all
Workflow Home: /home/mpb/Documents/GitHub/ai_workflow
Project Root: /home/mpb/Documents/GitHub/ai_workflow (target project)

================================================================================
EXECUTION LOG
================================================================================

[2025-12-20 18:50:55] [INFO] Starting pre-flight system checks
[2025-12-20 18:50:55] [SUCCESS] Project root validated: /home/mpb/Documents/GitHub/ai_workflow
[2025-12-20 18:50:55] [SUCCESS] Source directory validated: /home/mpb/Documents/GitHub/ai_workflow/src
[2025-12-20 18:50:55] [INFO] Tech stack: shell
[2025-12-20 18:50:55] [INFO] Node.js detected: v25.2.1 (optional)
[2025-12-20 18:50:55] [INFO] npm detected: 11.7.0 (optional)
[2025-12-20 18:50:55] [SUCCESS] Git repository validated
[2025-12-20 18:50:55] [INFO] Staged all uncommitted changes
[2025-12-20 18:50:55] [SUCCESS] docs directory found
[2025-12-20 18:50:55] [SUCCESS] tree command available
[2025-12-20 18:50:55] [SUCCESS] All pre-flight checks PASSED
[2025-12-20 18:50:55] [INFO] Starting dependency validation
[2025-12-20 18:50:55] [INFO] Tech stack: shell
[2025-12-20 18:50:55] [INFO] Shell project - npm dependencies not required
[2025-12-20 18:50:55] [SUCCESS] Dependency validation completed
[2025-12-20 18:50:55] [INFO] Loaded tech stack config: bash/none
[2025-12-20 18:50:55] [INFO] Analyzing change impact for optimization
[2025-12-20 18:50:55] [INFO] Change impact: MEDIUM (code=0, tests=0)
[2025-12-20 18:50:55] [INFO] Starting workflow execution
[2025-12-20 18:50:55] [INFO] Execution mode: AUTO
[2025-12-20 18:50:55] [INFO] Change impact level: Medium
[2025-12-20 18:50:55] [INFO] Step selection: all
[2025-12-20 18:50:55] [STEP] ========== Step 0: Pre-Analysis ==========
[2025-12-20 18:50:55] [INFO] Step 0 started
[2025-12-20 18:50:55] [INFO] Detected tech stack: bash/none (confidence: 85%)
[2025-12-20 18:50:55] [INFO] Step step0 status updated: ✅
[2025-12-20 18:50:55] [INFO] Checkpoint saved: Step 0 completed
[2025-12-20 18:50:55] [STEP] ========== Step 1: Documentation Updates ==========
[2025-12-20 18:50:55] [INFO] Step 1 started
[2025-12-20 18:50:56] [INFO] AUTO_MODE: Skipping continuation prompt
[2025-12-20 18:50:56] [INFO] Step step1 status updated: ✅
[2025-12-20 18:50:56] [INFO] AUTO_MODE: Skipping continuation prompt
[2025-12-20 18:50:56] [INFO] Checkpoint saved: Step 1 completed
[2025-12-20 18:50:56] [STEP] ========== Step 2: Consistency Analysis ==========
[2025-12-20 18:50:56] [INFO] Step 2 started
[2025-12-20 18:51:01] [INFO] Step step2 status updated: ✅
[2025-12-20 18:51:01] [INFO] Checkpoint saved: Step 2 completed
[2025-12-20 18:51:01] [STEP] ========== Step 3: Script Reference Validation ==========
[2025-12-20 18:51:01] [INFO] Step 3 started
[2025-12-20 18:51:01] [INFO] Step step3 status updated: ✅
[2025-12-20 18:51:01] [INFO] Checkpoint saved: Step 3 completed
[2025-12-20 18:51:01] [STEP] ========== Step 4: Directory Structure Validation ==========
[2025-12-20 18:51:01] [INFO] Step 4 started
[2025-12-20 18:51:02] [INFO] Step step4 status updated: ✅
[2025-12-20 18:51:02] [INFO] Checkpoint saved: Step 4 completed
[2025-12-20 18:51:02] [STEP] ========== Step 5: Test Review ==========
[2025-12-20 18:51:02] [INFO] Step 5 started
[2025-12-20 18:51:02] [INFO] Step step5 status updated: ✅
[2025-12-20 18:51:02] [INFO] Checkpoint saved: Step 5 completed
[2025-12-20 18:51:02] [STEP] ========== Step 6: Test Generation ==========
[2025-12-20 18:51:02] [INFO] Step 6 started
[2025-12-20 18:51:02] [INFO] Step step6 status updated: ✅
[2025-12-20 18:51:02] [INFO] Checkpoint saved: Step 6 completed
[2025-12-20 18:51:02] [STEP] ========== Step 7: Test Execution ==========
[2025-12-20 18:51:02] [INFO] Step 7 started
[2025-12-20 18:51:03] [INFO] Step step7 status updated: ✅
[2025-12-20 18:51:03] [INFO] Checkpoint saved: Step 7 completed
[2025-12-20 18:51:03] [STEP] ========== Step 8: Dependency Validation ==========
[2025-12-20 18:51:03] [INFO] Step 8 started
[2025-12-20 18:51:03] [INFO] Step step8 status updated: ✅
[2025-12-20 18:51:03] [INFO] Checkpoint saved: Step 8 completed
[2025-12-20 18:51:03] [STEP] ========== Step 9: Code Quality Validation ==========
[2025-12-20 18:51:04] [INFO] Step 9 started
[2025-12-20 18:51:04] [INFO] Step step9 status updated: ✅
[2025-12-20 18:51:04] [INFO] Checkpoint saved: Step 9 completed
[2025-12-20 18:51:04] [STEP] ========== Step 10: Context Analysis ==========
[2025-12-20 18:51:04] [INFO] Step 10 started
[2025-12-20 18:51:04] [INFO] Step step10 status updated: ✅
[2025-12-20 18:51:04] [INFO] Checkpoint saved: Step 10 completed
[2025-12-20 18:51:04] [STEP] ========== Step 11: Git Finalization ==========
[2025-12-20 18:51:04] [INFO] Step 11 started
[2025-12-20 18:51:08] [INFO] Step step11 status updated: ✅
[2025-12-20 18:51:08] [INFO] Checkpoint saved: Step 11 completed
[2025-12-20 18:51:08] [STEP] ========== Step 12: Markdown Linting ==========
[2025-12-20 18:51:08] [INFO] Step 12 started
[2025-12-20 18:51:32] [INFO] Checkpoint saved: Step 12 completed
[2025-12-20 18:51:32] [STEP] ========== Step 13: Prompt Engineer Analysis ==========
[2025-12-20 18:51:32] [INFO] Step 13 started
[2025-12-20 18:51:33] [INFO] Step step13 status updated: ✅
[2025-12-20 18:51:33] [INFO] Checkpoint saved: Step 13 completed
[2025-12-20 18:51:33] [INFO] Workflow execution completed
[2025-12-20 18:51:33] [INFO] Executed steps: 14
[2025-12-20 18:51:33] [INFO] Skipped steps: 0
[2025-12-20 18:51:33] [SUCCESS] Workflow completed successfully
[2025-12-20 18:51:33] [INFO] Cleaning up 26 temporary files

================================================================================
WORKFLOW SUMMARY
================================================================================
Completed: 2025-12-20 18:51:33
Duration: 0m 38s
Total Steps: 13

Step Status:
  Step 0: NOT_EXECUTED
  Step 1: NOT_EXECUTED
  Step 2: NOT_EXECUTED
  Step 3: NOT_EXECUTED
  Step 4: NOT_EXECUTED
  Step 5: NOT_EXECUTED
  Step 6: NOT_EXECUTED
  Step 7: NOT_EXECUTED
  Step 8: NOT_EXECUTED
  Step 9: NOT_EXECUTED
  Step 10: NOT_EXECUTED
  Step 11: NOT_EXECUTED
  Step 12: NOT_EXECUTED

Output Files:
  - Backlog: /home/mpb/Documents/GitHub/ai_workflow/src/workflow/backlog/workflow_20251220_185055
  - Summaries: /home/mpb/Documents/GitHub/ai_workflow/src/workflow/summaries/workflow_20251220_185055
  - Logs: /home/mpb/Documents/GitHub/ai_workflow/src/workflow/logs/workflow_20251220_185055

================================================================================
END OF LOG
================================================================================
