================================================================================
WORKFLOW EXECUTION LOG
================================================================================
Workflow ID: workflow_20251221_191043
Script Version: 2.3.0
Started: 2025-12-21 19:10:44
Mode: INTERACTIVE
Steps: all
Workflow Home: /home/mpb/Documents/GitHub/ai_workflow
Project Root: /home/mpb/Documents/GitHub/busca_vagas (target project)

================================================================================
EXECUTION LOG
================================================================================

[2025-12-21 19:10:44] [INFO] Starting pre-flight system checks
[2025-12-21 19:10:44] [SUCCESS] Project root validated: /home/mpb/Documents/GitHub/busca_vagas
[2025-12-21 19:10:44] [SUCCESS] Source directory validated: /home/mpb/Documents/GitHub/busca_vagas/src
[2025-12-21 19:10:44] [INFO] Tech stack: nodejs
[2025-12-21 19:10:44] [SUCCESS] package.json found
[2025-12-21 19:10:44] [SUCCESS] Node.js detected: v25.2.1
[2025-12-21 19:10:44] [SUCCESS] npm detected: 11.7.0
[2025-12-21 19:10:44] [SUCCESS] Git repository validated
[2025-12-21 19:10:44] [INFO] Staged all uncommitted changes
[2025-12-21 19:10:44] [SUCCESS] docs directory found
[2025-12-21 19:10:44] [SUCCESS] tree command available
[2025-12-21 19:10:44] [SUCCESS] All pre-flight checks PASSED
[2025-12-21 19:10:44] [INFO] Starting dependency validation
[2025-12-21 19:10:44] [INFO] Tech stack: nodejs
[2025-12-21 19:10:44] [INFO] Node.js project - checking npm dependencies
[2025-12-21 19:10:44] [SUCCESS] node_modules directory exists
[2025-12-21 19:10:44] [SUCCESS] Jest detected in node_modules
[2025-12-21 19:10:44] [SUCCESS] Dependency validation completed
[2025-12-21 19:10:45] [INFO] Loaded tech stack config: javascript/npm
[2025-12-21 19:10:45] [INFO] Analyzing change impact for optimization
[2025-12-21 19:10:45] [INFO] Change impact: HIGH (code=8, deps=true)
[2025-12-21 19:10:45] [INFO] Starting workflow execution
[2025-12-21 19:10:45] [INFO] Execution mode: INTERACTIVE
[2025-12-21 19:10:45] [INFO] Change impact level: High
[2025-12-21 19:10:45] [INFO] Step selection: all
[2025-12-21 19:10:45] [STEP] ========== Step 0: Pre-Analysis ==========
[2025-12-21 19:10:45] [INFO] Step 0 started
[2025-12-21 19:10:45] [INFO] Detected tech stack: javascript/npm (confidence: 100%)
[2025-12-21 19:10:47] [INFO] Step step0 status updated: ✅
[2025-12-21 19:10:47] [INFO] Checkpoint saved: Step 0 completed
[2025-12-21 19:10:47] [STEP] ========== Step 1: Documentation Updates ==========
[2025-12-21 19:10:47] [INFO] Step 1 started
[2025-12-21 19:10:47] [INFO] Step step1 status updated: ✅
[2025-12-21 19:10:47] [INFO] Checkpoint saved: Step 1 completed
[2025-12-21 19:10:47] [STEP] ========== Step 2: Consistency Analysis ==========
[2025-12-21 19:10:47] [INFO] Step 2 started
[2025-12-21 19:25:22] [INFO] Cleaning up 3 temporary files

================================================================================
WORKFLOW SUMMARY
================================================================================
Completed: 2025-12-21 19:25:22
Duration: 14m 39s
Total Steps: 13

Step Status:
  Step 0: NOT_EXECUTED
  Step 1: NOT_EXECUTED
  Step 2: NOT_EXECUTED
  Step 3: NOT_EXECUTED
  Step 4: NOT_EXECUTED
  Step 5: NOT_EXECUTED
  Step 6: NOT_EXECUTED
  Step 7: NOT_EXECUTED
  Step 8: NOT_EXECUTED
  Step 9: NOT_EXECUTED
  Step 10: NOT_EXECUTED
  Step 11: NOT_EXECUTED
  Step 12: NOT_EXECUTED

Output Files:
  - Backlog: /home/mpb/Documents/GitHub/ai_workflow/src/workflow/backlog/workflow_20251221_191043
  - Summaries: /home/mpb/Documents/GitHub/ai_workflow/src/workflow/summaries/workflow_20251221_191043
  - Logs: /home/mpb/Documents/GitHub/ai_workflow/src/workflow/logs/workflow_20251221_191043

================================================================================
END OF LOG
================================================================================
