================================================================================
WORKFLOW EXECUTION LOG
================================================================================
Workflow ID: workflow_20251221_183851
Script Version: 2.3.0
Started: 2025-12-21 18:38:52
Mode: INTERACTIVE
Steps: all
Workflow Home: /home/mpb/Documents/GitHub/ai_workflow
Project Root: /home/mpb/Documents/GitHub/busca_vagas

================================================================================
EXECUTION LOG
================================================================================

[2025-12-21 18:38:52] [INFO] Starting pre-flight system checks
[2025-12-21 18:38:52] [SUCCESS] Project root validated: /home/mpb/Documents/GitHub/busca_vagas
[2025-12-21 18:38:52] [SUCCESS] Source directory validated: /home/mpb/Documents/GitHub/busca_vagas/src
[2025-12-21 18:38:52] [INFO] Tech stack: nodejs
[2025-12-21 18:38:52] [SUCCESS] package.json found
[2025-12-21 18:38:52] [SUCCESS] Node.js detected: v25.2.1
[2025-12-21 18:38:52] [SUCCESS] npm detected: 11.7.0
[2025-12-21 18:38:52] [SUCCESS] Git repository validated
[2025-12-21 18:38:52] [INFO] Staged all uncommitted changes
[2025-12-21 18:38:52] [SUCCESS] docs directory found
[2025-12-21 18:38:52] [SUCCESS] tree command available
[2025-12-21 18:38:52] [SUCCESS] All pre-flight checks PASSED
[2025-12-21 18:38:52] [INFO] Starting dependency validation
[2025-12-21 18:38:52] [INFO] Tech stack: nodejs
[2025-12-21 18:38:52] [INFO] Node.js project - checking npm dependencies
[2025-12-21 18:38:52] [SUCCESS] node_modules directory exists
[2025-12-21 18:38:52] [SUCCESS] Jest detected in node_modules
[2025-12-21 18:38:52] [SUCCESS] Dependency validation completed
[2025-12-21 18:38:52] [INFO] Loaded tech stack config: javascript/npm

================================================================================
WORKFLOW SUMMARY
================================================================================
Completed: 2025-12-21 18:38:52
Duration: 0m 1s
Total Steps: 13

Step Status:
  Step 0: NOT_EXECUTED
  Step 1: NOT_EXECUTED
  Step 2: NOT_EXECUTED
  Step 3: NOT_EXECUTED
  Step 4: NOT_EXECUTED
  Step 5: NOT_EXECUTED
  Step 6: NOT_EXECUTED
  Step 7: NOT_EXECUTED
  Step 8: NOT_EXECUTED
  Step 9: NOT_EXECUTED
  Step 10: NOT_EXECUTED
  Step 11: NOT_EXECUTED
  Step 12: NOT_EXECUTED

Output Files:
  - Backlog: /home/mpb/Documents/GitHub/busca_vagas/src/workflow/backlog/workflow_20251221_183851
  - Summaries: /home/mpb/Documents/GitHub/busca_vagas/src/workflow/summaries/workflow_20251221_183851
  - Logs: /home/mpb/Documents/GitHub/busca_vagas/src/workflow/logs/workflow_20251221_183851

================================================================================
END OF LOG
================================================================================
