================================================================================
WORKFLOW EXECUTION LOG
================================================================================
Workflow ID: workflow_20251218_134816
Script Version: 2.3.0
Started: 2025-12-18 13:48:16
Mode: DRY RUN
Steps: 0
Workflow Home: /home/mpb/Documents/GitHub/ai_workflow
Project Root: /home/mpb/Documents/GitHub/ai_workflow (target project)

================================================================================
EXECUTION LOG
================================================================================

[2025-12-18 13:48:16] [INFO] Starting pre-flight system checks
[2025-12-18 13:48:16] [SUCCESS] Project root validated: /home/mpb/Documents/GitHub/ai_workflow
[2025-12-18 13:48:16] [SUCCESS] Source directory validated: /home/mpb/Documents/GitHub/ai_workflow/src
[2025-12-18 13:48:16] [INFO] Tech stack: shell
[2025-12-18 13:48:16] [INFO] Node.js detected: v25.2.1 (optional)
[2025-12-18 13:48:16] [INFO] npm detected: 11.7.0 (optional)
[2025-12-18 13:48:16] [SUCCESS] Git repository validated
[2025-12-18 13:48:16] [INFO] [DRY RUN] Would stage all changes
[2025-12-18 13:48:16] [SUCCESS] docs directory found
[2025-12-18 13:48:16] [SUCCESS] tree command available
[2025-12-18 13:48:16] [SUCCESS] All pre-flight checks PASSED
[2025-12-18 13:48:16] [INFO] Starting dependency validation
[2025-12-18 13:48:17] [INFO] Tech stack: shell
[2025-12-18 13:48:17] [INFO] Shell project - npm dependencies not required
[2025-12-18 13:48:17] [SUCCESS] Dependency validation completed
[2025-12-18 13:48:17] [INFO] Loaded tech stack config: bash/none

================================================================================
WORKFLOW SUMMARY
================================================================================
Completed: 2025-12-18 13:48:17
Duration: 0m 1s
Total Steps: 13

Step Status:
  Step 0: NOT_EXECUTED
  Step 1: NOT_EXECUTED
  Step 2: NOT_EXECUTED
  Step 3: NOT_EXECUTED
  Step 4: NOT_EXECUTED
  Step 5: NOT_EXECUTED
  Step 6: NOT_EXECUTED
  Step 7: NOT_EXECUTED
  Step 8: NOT_EXECUTED
  Step 9: NOT_EXECUTED
  Step 10: NOT_EXECUTED
  Step 11: NOT_EXECUTED
  Step 12: NOT_EXECUTED

Output Files:
  - Backlog: /home/mpb/Documents/GitHub/ai_workflow/src/workflow/backlog/workflow_20251218_134816
  - Summaries: /home/mpb/Documents/GitHub/ai_workflow/src/workflow/summaries/workflow_20251218_134816
  - Logs: /home/mpb/Documents/GitHub/ai_workflow/src/workflow/logs/workflow_20251218_134816

================================================================================
END OF LOG
================================================================================
