================================================================================
WORKFLOW EXECUTION LOG
================================================================================
Workflow ID: workflow_20251220_180458
Script Version: 2.3.0
Started: 2025-12-20 18:04:58
Mode: INTERACTIVE
Steps: 12
Workflow Home: /home/mpb/Documents/GitHub/ai_workflow
Project Root: /home/mpb/Documents/GitHub/ai_workflow (target project)

================================================================================
EXECUTION LOG
================================================================================

[2025-12-20 18:04:58] [INFO] Starting pre-flight system checks
[2025-12-20 18:04:58] [SUCCESS] Project root validated: /home/mpb/Documents/GitHub/ai_workflow
[2025-12-20 18:04:58] [SUCCESS] Source directory validated: /home/mpb/Documents/GitHub/ai_workflow/src
[2025-12-20 18:04:58] [INFO] Tech stack: shell
[2025-12-20 18:04:59] [INFO] Node.js detected: v25.2.1 (optional)
[2025-12-20 18:04:59] [INFO] npm detected: 11.7.0 (optional)
[2025-12-20 18:04:59] [SUCCESS] Git repository validated
[2025-12-20 18:04:59] [INFO] Staged all uncommitted changes
[2025-12-20 18:04:59] [SUCCESS] docs directory found
[2025-12-20 18:04:59] [SUCCESS] tree command available
[2025-12-20 18:04:59] [SUCCESS] All pre-flight checks PASSED
[2025-12-20 18:04:59] [INFO] Starting dependency validation
[2025-12-20 18:04:59] [INFO] Tech stack: shell
[2025-12-20 18:04:59] [INFO] Shell project - npm dependencies not required
[2025-12-20 18:04:59] [SUCCESS] Dependency validation completed
[2025-12-20 18:04:59] [INFO] Loaded tech stack config: bash/none
[2025-12-20 18:04:59] [INFO] Analyzing change impact for optimization
[2025-12-20 18:04:59] [INFO] Change impact: MEDIUM (code=0, tests=0)
[2025-12-20 18:04:59] [INFO] Starting workflow execution
[2025-12-20 18:04:59] [INFO] Execution mode: INTERACTIVE
[2025-12-20 18:04:59] [INFO] Change impact level: Medium
[2025-12-20 18:04:59] [INFO] Step selection: 12
[2025-12-20 18:04:59] [INFO] Skipping Step 0 (not selected)
[2025-12-20 18:04:59] [INFO] Skipping Step 1 (not selected)
[2025-12-20 18:04:59] [INFO] Skipping Step 2 (not selected)
[2025-12-20 18:04:59] [INFO] Skipping Step 3 (not selected)
[2025-12-20 18:04:59] [INFO] Skipping Step 4 (not selected)
[2025-12-20 18:04:59] [INFO] Skipping Step 5 (not selected)
[2025-12-20 18:04:59] [INFO] Skipping Step 6 (not selected)
[2025-12-20 18:04:59] [INFO] Skipping Step 7 (not selected)
[2025-12-20 18:04:59] [INFO] Skipping Step 8 (not selected)
[2025-12-20 18:04:59] [INFO] Skipping Step 9 (not selected)
[2025-12-20 18:04:59] [INFO] Skipping Step 10 (not selected)
[2025-12-20 18:04:59] [INFO] Skipping Step 11 (not selected)
[2025-12-20 18:04:59] [STEP] ========== Step 12: Markdown Linting ==========
[2025-12-20 18:04:59] [INFO] Step 12 started
[2025-12-20 18:06:38] [INFO] Checkpoint saved: Step 12 completed
[2025-12-20 18:06:38] [INFO] Skipping Step 13 (not selected)
[2025-12-20 18:06:38] [INFO] Workflow execution completed
[2025-12-20 18:06:38] [INFO] Executed steps: 1
[2025-12-20 18:06:38] [INFO] Skipped steps: 13
[2025-12-20 18:06:38] [SUCCESS] Workflow completed successfully
[2025-12-20 18:06:38] [INFO] Starting workflow health verification
[2025-12-20 18:06:38] [INFO] Workflow health check completed: 1/13 steps passed
[2025-12-20 18:06:38] [INFO] Validating documentation placement
[2025-12-20 18:06:38] [INFO] Documentation placement validation completed: FAIL
[2025-12-20 18:06:38] [INFO] Generating enhanced git state report
[2025-12-20 18:06:39] [INFO] Enhanced git state analysis completed
[2025-12-20 18:06:39] [INFO] Cleaning up 2 temporary files

================================================================================
WORKFLOW SUMMARY
================================================================================
Completed: 2025-12-20 18:06:39
Duration: 1m 41s
Total Steps: 13

Step Status:
  Step 0: NOT_EXECUTED
  Step 1: NOT_EXECUTED
  Step 2: NOT_EXECUTED
  Step 3: NOT_EXECUTED
  Step 4: NOT_EXECUTED
  Step 5: NOT_EXECUTED
  Step 6: NOT_EXECUTED
  Step 7: NOT_EXECUTED
  Step 8: NOT_EXECUTED
  Step 9: NOT_EXECUTED
  Step 10: NOT_EXECUTED
  Step 11: NOT_EXECUTED
  Step 12: NOT_EXECUTED

Output Files:
  - Backlog: /home/mpb/Documents/GitHub/ai_workflow/src/workflow/backlog/workflow_20251220_180458
  - Summaries: /home/mpb/Documents/GitHub/ai_workflow/src/workflow/summaries/workflow_20251220_180458
  - Logs: /home/mpb/Documents/GitHub/ai_workflow/src/workflow/logs/workflow_20251220_180458

================================================================================
END OF LOG
================================================================================
